{"logTime": "1211/112044", "correlationVector":"GxezJ/Iem8j5Gim5SNmNRt.224","action":"GetUpdates", "result":"DeleteReceived", "context":{"id":"b1e593ed-0a45-4023-90fc-30b957ac3359", "isDeleted:":"true", "version":"1702180074934"}}
{"logTime": "1211/112044", "correlationVector":"GxezJ/Iem8j5Gim5SNmNRt.225","action":"GetUpdates", "result":"DeleteReceived", "context":{"id":"10503264-0e9f-428f-a417-8cd8d70f7f85", "isDeleted:":"true", "version":"1702180074935"}}
{"logTime": "1211/112044", "correlationVector":"GxezJ/Iem8j5Gim5SNmNRt.226","action":"GetUpdates", "result":"DeleteReceived", "context":{"id":"f969ff72-9d95-4f22-8641-dfd4ea0dc685", "isDeleted:":"true", "version":"1702180074936"}}
{"logTime": "1211/112044", "correlationVector":"GxezJ/Iem8j5Gim5SNmNRt.227","action":"GetUpdates", "result":"DeleteReceived", "context":{"id":"01fda9b9-8bb8-47b4-8e5c-dbfd71fbf1de", "isDeleted:":"true", "version":"1702180074937"}}
{"logTime": "1211/112044", "correlationVector":"GxezJ/Iem8j5Gim5SNmNRt.228","action":"GetUpdates", "result":"DeleteReceived", "context":{"id":"a3854c55-fa71-4713-90ee-ea895652f0cd", "isDeleted:":"true", "version":"1702180074938"}}
{"logTime": "1211/112044", "correlationVector":"GxezJ/Iem8j5Gim5SNmNRt.229","action":"GetUpdates", "result":"DeleteReceived", "context":{"id":"43324a8f-4449-46f1-895f-3fba5aa1dcd9", "isDeleted:":"true", "version":"1702180074939"}}
{"logTime": "1211/112044", "correlationVector":"GxezJ/Iem8j5Gim5SNmNRt.230","action":"GetUpdates", "result":"DeleteReceived", "context":{"id":"2ba3eaf6-2730-4b4b-9efd-6e0325a84746", "isDeleted:":"true", "version":"1702180074940"}}
{"logTime": "1211/112044", "correlationVector":"GxezJ/Iem8j5Gim5SNmNRt.231","action":"GetUpdates", "result":"DeleteReceived", "context":{"id":"f6c82cc2-8c2d-4f7f-94bd-90e8e23f3783", "isDeleted:":"true", "version":"1702180074941"}}
{"logTime": "1211/112044", "correlationVector":"GxezJ/Iem8j5Gim5SNmNRt.232","action":"GetUpdates", "result":"DeleteReceived", "context":{"id":"bceeed69-cc41-4cb9-82eb-c6b0b80b6312", "isDeleted:":"true", "version":"1702180074942"}}
{"logTime": "1211/112044", "correlationVector":"GxezJ/Iem8j5Gim5SNmNRt.233","action":"GetUpdates", "result":"DeleteReceived", "context":{"id":"3e968a16-41a9-4806-836e-a8db2c7f23af", "isDeleted:":"true", "version":"1702180074943"}}
{"logTime": "1211/112044", "correlationVector":"GxezJ/Iem8j5Gim5SNmNRt.234","action":"GetUpdates", "result":"DeleteReceived", "context":{"id":"06a6b3c1-480f-4f9e-9a3f-51882b410d76", "isDeleted:":"true", "version":"1702180074944"}}
{"logTime": "1211/112044", "correlationVector":"GxezJ/Iem8j5Gim5SNmNRt.235","action":"GetUpdates Response", "result":"SERVER_MORE_TO_DOWNLOAD", "context":Received 250 update(s).  Some updates remain.}
{"logTime": "1211/112044", "correlationVector":"wV858qhnHzDf8Yqzcdk6gf","action":"Initial GetUpdates", "result":"", "context":Reason: RECONFIGURATION. cV=wV858qhnHzDf8Yqzcdk6gf}
{"logTime": "1211/112045", "correlationVector":"wV858qhnHzDf8Yqzcdk6gf.1","action":"SyncServerConnectionManagerRequest", "result":"SYNC_SERVER_OK", "context":{"environment":"Prod_JapanEast_000f", "migrationStage":"NotStarted", "server":"GENERAL11000017"}}
{"logTime": "1211/112045", "correlationVector":"wV858qhnHzDf8Yqzcdk6gf.2","action":"GetUpdates", "result":"DeleteReceived", "context":{"id":"31649795-02d7-4612-a143-191f09fb324f", "isDeleted:":"true", "version":"1702180076068"}}
{"logTime": "1211/112045", "correlationVector":"wV858qhnHzDf8Yqzcdk6gf.3","action":"GetUpdates", "result":"DeleteReceived", "context":{"id":"0d02c7a1-e98e-4598-a347-84649b0762fb", "isDeleted:":"true", "version":"1702180076069"}}
{"logTime": "1211/112045", "correlationVector":"wV858qhnHzDf8Yqzcdk6gf.4","action":"GetUpdates", "result":"DeleteReceived", "context":{"id":"58544004-89d0-4032-84e7-e71c3d98e445", "isDeleted:":"true", "version":"1702180076070"}}
{"logTime": "1211/112045", "correlationVector":"wV858qhnHzDf8Yqzcdk6gf.5","action":"GetUpdates", "result":"DeleteReceived", "context":{"id":"5392f40a-e011-419e-806d-c4b34633a707", "isDeleted:":"true", "version":"1702180076071"}}
{"logTime": "1211/112045", "correlationVector":"wV858qhnHzDf8Yqzcdk6gf.6","action":"GetUpdates", "result":"DeleteReceived", "context":{"id":"290c5ddb-cee5-419a-abb7-14adac07f221", "isDeleted:":"true", "version":"1702180076072"}}
{"logTime": "1211/112045", "correlationVector":"wV858qhnHzDf8Yqzcdk6gf.7","action":"GetUpdates", "result":"DeleteReceived", "context":{"id":"57a617ff-ad5b-406e-9550-ca5099e1866e", "isDeleted:":"true", "version":"1702180076073"}}
{"logTime": "1211/112045", "correlationVector":"wV858qhnHzDf8Yqzcdk6gf.8","action":"GetUpdates", "result":"DeleteReceived", "context":{"id":"7ceed563-d518-472a-8f3b-d82c5d87fef7", "isDeleted:":"true", "version":"1702180076074"}}
{"logTime": "1211/112045", "correlationVector":"wV858qhnHzDf8Yqzcdk6gf.9","action":"GetUpdates", "result":"DeleteReceived", "context":{"id":"a6d0b0b6-c97b-47b5-8b25-61fee33b8db0", "isDeleted:":"true", "version":"1702180076075"}}
{"logTime": "1211/112045", "correlationVector":"wV858qhnHzDf8Yqzcdk6gf.10","action":"GetUpdates", "result":"DeleteReceived", "context":{"id":"0c46c444-e351-4fef-87af-c72bdcbb7022", "isDeleted:":"true", "version":"1702180076076"}}
{"logTime": "1211/112045", "correlationVector":"wV858qhnHzDf8Yqzcdk6gf.11","action":"GetUpdates", "result":"DeleteReceived", "context":{"id":"3dbc5a67-9273-445e-9d20-769a07cc058b", "isDeleted:":"true", "version":"1702180076077"}}
{"logTime": "1211/112045", "correlationVector":"wV858qhnHzDf8Yqzcdk6gf.12","action":"GetUpdates", "result":"DeleteReceived", "context":{"id":"f6a3f7f8-c694-4dcb-aae8-31fe845f7afb", "isDeleted:":"true", "version":"1702180076078"}}
{"logTime": "1211/112045", "correlationVector":"wV858qhnHzDf8Yqzcdk6gf.13","action":"GetUpdates", "result":"DeleteReceived", "context":{"id":"3704b2c3-caf1-4538-9630-85d815913118", "isDeleted:":"true", "version":"1702180076079"}}
{"logTime": "1211/112045", "correlationVector":"wV858qhnHzDf8Yqzcdk6gf.14","action":"GetUpdates", "result":"DeleteReceived", "context":{"id":"050fa89e-a8ba-4761-9141-891f6c19af15", "isDeleted:":"true", "version":"1702180076080"}}
{"logTime": "1211/112045", "correlationVector":"wV858qhnHzDf8Yqzcdk6gf.15","action":"GetUpdates", "result":"DeleteReceived", "context":{"id":"af8131b7-8021-4b5f-adb8-7d818da3fa5f", "isDeleted:":"true", "version":"1702180076081"}}
{"logTime": "1211/112045", "correlationVector":"wV858qhnHzDf8Yqzcdk6gf.16","action":"GetUpdates", "result":"DeleteReceived", "context":{"id":"059be6a5-8ca6-4296-bc0d-cc629e464c8f", "isDeleted:":"true", "version":"1702180076082"}}
{"logTime": "1211/112045", "correlationVector":"wV858qhnHzDf8Yqzcdk6gf.17","action":"GetUpdates", "result":"DeleteReceived", "context":{"id":"1f646e85-0f87-4315-988b-1ba5a66ab2e5", "isDeleted:":"true", "version":"1702180076083"}}
{"logTime": "1211/112045", "correlationVector":"wV858qhnHzDf8Yqzcdk6gf.18","action":"GetUpdates", "result":"DeleteReceived", "context":{"id":"e1c08da0-8fa9-418d-83de-bb3f12e8d84d", "isDeleted:":"true", "version":"1702180076084"}}
{"logTime": "1211/112045", "correlationVector":"wV858qhnHzDf8Yqzcdk6gf.19","action":"GetUpdates", "result":"DeleteReceived", "context":{"id":"880d9fc0-3de7-4bcd-8556-4596c3ae0eea", "isDeleted:":"true", "version":"1702180076085"}}
{"logTime": "1211/112045", "correlationVector":"wV858qhnHzDf8Yqzcdk6gf.20","action":"GetUpdates", "result":"DeleteReceived", "context":{"id":"2181a115-5c0f-4db2-bdc1-177a5e70f2d3", "isDeleted:":"true", "version":"1702180076086"}}
{"logTime": "1211/112045", "correlationVector":"wV858qhnHzDf8Yqzcdk6gf.21","action":"GetUpdates", "result":"DeleteReceived", "context":{"id":"c4077ba0-fb0d-40b7-859e-22aa8d3bada3", "isDeleted:":"true", "version":"1702180076087"}}
{"logTime": "1211/112045", "correlationVector":"wV858qhnHzDf8Yqzcdk6gf.22","action":"GetUpdates", "result":"DeleteReceived", "context":{"id":"1a069c9b-cc6d-44b3-ae88-ef293e9751be", "isDeleted:":"true", "version":"1702180077207"}}
{"logTime": "1211/112045", "correlationVector":"wV858qhnHzDf8Yqzcdk6gf.23","action":"GetUpdates", "result":"DeleteReceived", "context":{"id":"1550651e-0dda-43a2-b8bb-49b7601fe598", "isDeleted:":"true", "version":"1702180077208"}}
{"logTime": "1211/112045", "correlationVector":"wV858qhnHzDf8Yqzcdk6gf.24","action":"GetUpdates", "result":"DeleteReceived", "context":{"id":"fc077a47-ce33-452b-8896-d362986623be", "isDeleted:":"true", "version":"1702180077209"}}
{"logTime": "1211/112045", "correlationVector":"wV858qhnHzDf8Yqzcdk6gf.25","action":"GetUpdates", "result":"DeleteReceived", "context":{"id":"79491e43-3681-431d-b88c-b4538e780d0d", "isDeleted:":"true", "version":"1702180077210"}}
{"logTime": "1211/112045", "correlationVector":"wV858qhnHzDf8Yqzcdk6gf.26","action":"GetUpdates", "result":"DeleteReceived", "context":{"id":"2841a694-8fb4-4301-a4a0-b62b92dac61c", "isDeleted:":"true", "version":"1702180077211"}}
{"logTime": "1211/112045", "correlationVector":"wV858qhnHzDf8Yqzcdk6gf.27","action":"GetUpdates", "result":"DeleteReceived", "context":{"id":"844921c9-7474-42b9-8056-9eeeac52297c", "isDeleted:":"true", "version":"1702180077212"}}
{"logTime": "1211/112045", "correlationVector":"wV858qhnHzDf8Yqzcdk6gf.28","action":"GetUpdates", "result":"DeleteReceived", "context":{"id":"d4cc6c84-346c-4837-b780-42f7760aa241", "isDeleted:":"true", "version":"1702180077213"}}
{"logTime": "1211/112045", "correlationVector":"wV858qhnHzDf8Yqzcdk6gf.29","action":"GetUpdates", "result":"DeleteReceived", "context":{"id":"4219cbd7-9caf-467d-8fa6-83e4d2bdeeae", "isDeleted:":"true", "version":"1702180077214"}}
{"logTime": "1211/112045", "correlationVector":"wV858qhnHzDf8Yqzcdk6gf.30","action":"GetUpdates", "result":"DeleteReceived", "context":{"id":"fa3d9fb5-9325-4a6c-9b49-43e96fad6f62", "isDeleted:":"true", "version":"1702180077215"}}
{"logTime": "1211/112045", "correlationVector":"wV858qhnHzDf8Yqzcdk6gf.31","action":"GetUpdates", "result":"DeleteReceived", "context":{"id":"8513eaab-f01b-4ca7-aac5-2927993a3129", "isDeleted:":"true", "version":"1702180077216"}}
{"logTime": "1211/112045", "correlationVector":"wV858qhnHzDf8Yqzcdk6gf.32","action":"GetUpdates", "result":"DeleteReceived", "context":{"id":"d4fec396-d32d-47bc-ab99-c8e1af0c0004", "isDeleted:":"true", "version":"1702180077217"}}
{"logTime": "1211/112045", "correlationVector":"wV858qhnHzDf8Yqzcdk6gf.33","action":"GetUpdates", "result":"DeleteReceived", "context":{"id":"9a2b7fb9-27c8-4224-bb18-fa11a5c27485", "isDeleted:":"true", "version":"1702180077218"}}
{"logTime": "1211/112045", "correlationVector":"wV858qhnHzDf8Yqzcdk6gf.34","action":"GetUpdates", "result":"DeleteReceived", "context":{"id":"8b1eaf68-20c1-4702-a0f0-ed5f926de958", "isDeleted:":"true", "version":"1702180077219"}}
{"logTime": "1211/112045", "correlationVector":"wV858qhnHzDf8Yqzcdk6gf.35","action":"GetUpdates", "result":"DeleteReceived", "context":{"id":"c4b86152-911a-405c-bf73-bdb3fcb1429e", "isDeleted:":"true", "version":"1702180077220"}}
{"logTime": "1211/112045", "correlationVector":"wV858qhnHzDf8Yqzcdk6gf.36","action":"GetUpdates", "result":"DeleteReceived", "context":{"id":"1880f656-9d63-4cd4-a463-cee3b5a1ef40", "isDeleted:":"true", "version":"1702180077221"}}
{"logTime": "1211/112045", "correlationVector":"wV858qhnHzDf8Yqzcdk6gf.37","action":"GetUpdates", "result":"DeleteReceived", "context":{"id":"5d609650-a3ea-49e1-91ed-0372b43575b9", "isDeleted:":"true", "version":"1702180077222"}}
{"logTime": "1211/112045", "correlationVector":"wV858qhnHzDf8Yqzcdk6gf.38","action":"GetUpdates", "result":"DeleteReceived", "context":{"id":"f6217f36-d539-4210-a0d5-483e14bf270f", "isDeleted:":"true", "version":"1702180077223"}}
{"logTime": "1211/112045", "correlationVector":"wV858qhnHzDf8Yqzcdk6gf.39","action":"GetUpdates", "result":"DeleteReceived", "context":{"id":"66f06272-e022-4d1e-91f4-34c4f38e9322", "isDeleted:":"true", "version":"1702180077224"}}
{"logTime": "1211/112045", "correlationVector":"wV858qhnHzDf8Yqzcdk6gf.40","action":"GetUpdates", "result":"DeleteReceived", "context":{"id":"e1d5ac96-b02b-4f3f-b9d3-22ced694cc01", "isDeleted:":"true", "version":"1702180077225"}}
{"logTime": "1211/112045", "correlationVector":"wV858qhnHzDf8Yqzcdk6gf.41","action":"GetUpdates", "result":"DeleteReceived", "context":{"id":"e35a8854-1791-4fff-9846-84aa1a9e1fda", "isDeleted:":"true", "version":"1702180077226"}}
{"logTime": "1211/112045", "correlationVector":"wV858qhnHzDf8Yqzcdk6gf.42","action":"GetUpdates", "result":"DeleteReceived", "context":{"id":"31959b12-7369-49db-b7fa-c51c2dff7ee4", "isDeleted:":"true", "version":"1702180078394"}}
{"logTime": "1211/112045", "correlationVector":"wV858qhnHzDf8Yqzcdk6gf.43","action":"GetUpdates", "result":"DeleteReceived", "context":{"id":"3cce1697-6bad-4484-961f-36485aa08f53", "isDeleted:":"true", "version":"1702180078395"}}
{"logTime": "1211/112045", "correlationVector":"wV858qhnHzDf8Yqzcdk6gf.44","action":"GetUpdates", "result":"DeleteReceived", "context":{"id":"5ebca5ef-a117-4525-850b-7c74569061dc", "isDeleted:":"true", "version":"1702180078396"}}
{"logTime": "1211/112045", "correlationVector":"wV858qhnHzDf8Yqzcdk6gf.45","action":"GetUpdates", "result":"DeleteReceived", "context":{"id":"1b85aee4-1514-4cf3-a23d-d68b8480cfde", "isDeleted:":"true", "version":"1702180078397"}}
{"logTime": "1211/112045", "correlationVector":"wV858qhnHzDf8Yqzcdk6gf.46","action":"GetUpdates", "result":"DeleteReceived", "context":{"id":"8c783094-e4bf-4e3c-96e0-757851579b0f", "isDeleted:":"true", "version":"1702180078398"}}
{"logTime": "1211/112045", "correlationVector":"wV858qhnHzDf8Yqzcdk6gf.47","action":"GetUpdates", "result":"DeleteReceived", "context":{"id":"1fb7dcd4-25f9-4080-ac91-321e2a0faf41", "isDeleted:":"true", "version":"1702180078399"}}
{"logTime": "1211/112045", "correlationVector":"wV858qhnHzDf8Yqzcdk6gf.48","action":"GetUpdates", "result":"DeleteReceived", "context":{"id":"03ab0cf9-0959-48c9-a5ad-f2f05b9f1e99", "isDeleted:":"true", "version":"1702180078400"}}
{"logTime": "1211/112045", "correlationVector":"wV858qhnHzDf8Yqzcdk6gf.49","action":"GetUpdates", "result":"DeleteReceived", "context":{"id":"e442603e-308e-4afa-887d-52dfb8a8b31e", "isDeleted:":"true", "version":"1702180078401"}}
{"logTime": "1211/112045", "correlationVector":"wV858qhnHzDf8Yqzcdk6gf.50","action":"GetUpdates", "result":"DeleteReceived", "context":{"id":"89a529cf-f401-43e4-a701-7d5fc24c9a92", "isDeleted:":"true", "version":"1702180078402"}}
{"logTime": "1211/112045", "correlationVector":"wV858qhnHzDf8Yqzcdk6gf.51","action":"GetUpdates", "result":"DeleteReceived", "context":{"id":"7e784b08-80ab-4ccc-94e2-af5b0b7ebb61", "isDeleted:":"true", "version":"1702180078403"}}
{"logTime": "1211/112045", "correlationVector":"wV858qhnHzDf8Yqzcdk6gf.52","action":"GetUpdates", "result":"DeleteReceived", "context":{"id":"14ff47cd-6b58-40fc-80e6-77d8d46fefb5", "isDeleted:":"true", "version":"1702180078404"}}
{"logTime": "1211/112045", "correlationVector":"wV858qhnHzDf8Yqzcdk6gf.53","action":"GetUpdates", "result":"DeleteReceived", "context":{"id":"981f6a8d-bc60-462f-8028-5f006d76ce5b", "isDeleted:":"true", "version":"1702180078405"}}
{"logTime": "1211/112045", "correlationVector":"wV858qhnHzDf8Yqzcdk6gf.54","action":"GetUpdates", "result":"DeleteReceived", "context":{"id":"2cd67d4f-59ea-410d-88d8-6d4744cea929", "isDeleted:":"true", "version":"1702180078406"}}
{"logTime": "1211/112045", "correlationVector":"wV858qhnHzDf8Yqzcdk6gf.55","action":"GetUpdates", "result":"DeleteReceived", "context":{"id":"d1fd458e-c06c-4e2d-8f44-880df49b7a82", "isDeleted:":"true", "version":"1702180078407"}}
{"logTime": "1211/112045", "correlationVector":"wV858qhnHzDf8Yqzcdk6gf.56","action":"GetUpdates", "result":"DeleteReceived", "context":{"id":"009e8996-ec37-40c0-91be-5504deb7b222", "isDeleted:":"true", "version":"1702180078408"}}
{"logTime": "1211/112045", "correlationVector":"wV858qhnHzDf8Yqzcdk6gf.57","action":"GetUpdates", "result":"DeleteReceived", "context":{"id":"58745bf1-bba9-4a8e-8b41-b272a5999343", "isDeleted:":"true", "version":"1702180078409"}}
{"logTime": "1211/112045", "correlationVector":"wV858qhnHzDf8Yqzcdk6gf.58","action":"GetUpdates", "result":"DeleteReceived", "context":{"id":"227a5a52-5060-4ada-85a6-efeeb7e288d2", "isDeleted:":"true", "version":"1702180078410"}}
{"logTime": "1211/112045", "correlationVector":"wV858qhnHzDf8Yqzcdk6gf.59","action":"GetUpdates", "result":"DeleteReceived", "context":{"id":"ca9d8ae1-3bc1-4394-ac8e-8b63c6ee0a4b", "isDeleted:":"true", "version":"1702180078411"}}
{"logTime": "1211/112045", "correlationVector":"wV858qhnHzDf8Yqzcdk6gf.60","action":"GetUpdates", "result":"DeleteReceived", "context":{"id":"22a13a0f-73c0-4349-b146-818d193884b3", "isDeleted:":"true", "version":"1702180078412"}}
{"logTime": "1211/112045", "correlationVector":"wV858qhnHzDf8Yqzcdk6gf.61","action":"GetUpdates", "result":"DeleteReceived", "context":{"id":"3c3e0c36-a218-4443-bac5-d65c0675d7a4", "isDeleted:":"true", "version":"1702180078413"}}
{"logTime": "1211/112045", "correlationVector":"wV858qhnHzDf8Yqzcdk6gf.62","action":"GetUpdates", "result":"DeleteReceived", "context":{"id":"f2c03061-f938-4ee0-814d-62f2cfa581fb", "isDeleted:":"true", "version":"1702180079799"}}
{"logTime": "1211/112045", "correlationVector":"wV858qhnHzDf8Yqzcdk6gf.63","action":"GetUpdates", "result":"DeleteReceived", "context":{"id":"0c95609b-d84e-4526-882c-9b5f4bfbd0f5", "isDeleted:":"true", "version":"1702180079801"}}
{"logTime": "1211/112045", "correlationVector":"wV858qhnHzDf8Yqzcdk6gf.64","action":"GetUpdates", "result":"DeleteReceived", "context":{"id":"1bb7789a-f446-424a-8521-2045ebaf100e", "isDeleted:":"true", "version":"1702180079802"}}
{"logTime": "1211/112045", "correlationVector":"wV858qhnHzDf8Yqzcdk6gf.65","action":"GetUpdates", "result":"DeleteReceived", "context":{"id":"2b9ba4c5-7c8b-4aca-8b68-43ed3d96ad6c", "isDeleted:":"true", "version":"1702180079803"}}
{"logTime": "1211/112045", "correlationVector":"wV858qhnHzDf8Yqzcdk6gf.66","action":"GetUpdates", "result":"DeleteReceived", "context":{"id":"c74cc40b-8a2c-4097-92f6-4d867e3b6dda", "isDeleted:":"true", "version":"1702180079804"}}
{"logTime": "1211/112045", "correlationVector":"wV858qhnHzDf8Yqzcdk6gf.67","action":"GetUpdates", "result":"DeleteReceived", "context":{"id":"a31b143b-5591-4a03-9c11-e0bc263f7b41", "isDeleted:":"true", "version":"1702180079805"}}
{"logTime": "1211/112045", "correlationVector":"wV858qhnHzDf8Yqzcdk6gf.68","action":"GetUpdates", "result":"DeleteReceived", "context":{"id":"f564b833-d8d5-4107-ad78-904739fdd36c", "isDeleted:":"true", "version":"1702180079806"}}
{"logTime": "1211/112045", "correlationVector":"wV858qhnHzDf8Yqzcdk6gf.69","action":"GetUpdates", "result":"DeleteReceived", "context":{"id":"ddb38033-2bed-450b-959d-961f47fa1df5", "isDeleted:":"true", "version":"1702180079807"}}
{"logTime": "1211/112045", "correlationVector":"wV858qhnHzDf8Yqzcdk6gf.70","action":"GetUpdates", "result":"DeleteReceived", "context":{"id":"285e8372-635b-409c-8c84-420078000231", "isDeleted:":"true", "version":"1702180079808"}}
{"logTime": "1211/112045", "correlationVector":"wV858qhnHzDf8Yqzcdk6gf.71","action":"GetUpdates", "result":"DeleteReceived", "context":{"id":"8a15b086-c9d8-4617-820f-d6fb3f3b0bce", "isDeleted:":"true", "version":"1702180079809"}}
{"logTime": "1211/112045", "correlationVector":"wV858qhnHzDf8Yqzcdk6gf.72","action":"GetUpdates", "result":"DeleteReceived", "context":{"id":"cd380ce9-fbb4-47e3-ae64-b25c7b2f1310", "isDeleted:":"true", "version":"1702180079810"}}
{"logTime": "1211/112045", "correlationVector":"wV858qhnHzDf8Yqzcdk6gf.73","action":"GetUpdates", "result":"DeleteReceived", "context":{"id":"a05dc970-bf29-4919-a3e1-eb18551e9b31", "isDeleted:":"true", "version":"1702180079811"}}
{"logTime": "1211/112045", "correlationVector":"wV858qhnHzDf8Yqzcdk6gf.74","action":"GetUpdates", "result":"DeleteReceived", "context":{"id":"3b47d8e2-aae2-4f67-84f6-adc120aa0fe8", "isDeleted:":"true", "version":"1702180079812"}}
{"logTime": "1211/112045", "correlationVector":"wV858qhnHzDf8Yqzcdk6gf.75","action":"GetUpdates", "result":"DeleteReceived", "context":{"id":"849ace34-15c9-4d67-9405-5becce5529fd", "isDeleted:":"true", "version":"1702180079813"}}
{"logTime": "1211/112045", "correlationVector":"wV858qhnHzDf8Yqzcdk6gf.76","action":"GetUpdates", "result":"DeleteReceived", "context":{"id":"c127fcf4-c54b-4c0e-a175-8b6774cb6e23", "isDeleted:":"true", "version":"1702180079814"}}
{"logTime": "1211/112045", "correlationVector":"wV858qhnHzDf8Yqzcdk6gf.77","action":"GetUpdates", "result":"DeleteReceived", "context":{"id":"757cacc1-c6e4-4907-8b10-5d715f019f0c", "isDeleted:":"true", "version":"1702180079815"}}
{"logTime": "1211/112045", "correlationVector":"wV858qhnHzDf8Yqzcdk6gf.78","action":"GetUpdates", "result":"DeleteReceived", "context":{"id":"b02724e7-903a-4ed5-ab28-455ed0f534c2", "isDeleted:":"true", "version":"1702180079816"}}
{"logTime": "1211/112045", "correlationVector":"wV858qhnHzDf8Yqzcdk6gf.79","action":"GetUpdates", "result":"DeleteReceived", "context":{"id":"d2b73a8d-a5cf-4e67-8bc6-c35360eaca22", "isDeleted:":"true", "version":"1702180079817"}}
{"logTime": "1211/112045", "correlationVector":"wV858qhnHzDf8Yqzcdk6gf.80","action":"GetUpdates", "result":"DeleteReceived", "context":{"id":"4fea1a1c-0914-4cba-9fcb-a95f43a3f3de", "isDeleted:":"true", "version":"1702180079818"}}
{"logTime": "1211/112045", "correlationVector":"wV858qhnHzDf8Yqzcdk6gf.81","action":"GetUpdates", "result":"DeleteReceived", "context":{"id":"b6418ccf-5195-4e9f-8fe2-c22d19a24c1f", "isDeleted:":"true", "version":"1702180081182"}}
{"logTime": "1211/112045", "correlationVector":"wV858qhnHzDf8Yqzcdk6gf.82","action":"GetUpdates", "result":"DeleteReceived", "context":{"id":"bca33070-9d3b-4978-8732-3f9f1ab6d5dd", "isDeleted:":"true", "version":"1702180081183"}}
{"logTime": "1211/112045", "correlationVector":"wV858qhnHzDf8Yqzcdk6gf.83","action":"GetUpdates", "result":"DeleteReceived", "context":{"id":"9541750f-be76-4c01-89b7-7c9bc824df5f", "isDeleted:":"true", "version":"1702180081184"}}
{"logTime": "1211/112045", "correlationVector":"wV858qhnHzDf8Yqzcdk6gf.84","action":"GetUpdates", "result":"DeleteReceived", "context":{"id":"c19e8ad1-e448-4f22-99d1-9e20dc2fca7d", "isDeleted:":"true", "version":"1702180081185"}}
{"logTime": "1211/112045", "correlationVector":"wV858qhnHzDf8Yqzcdk6gf.85","action":"GetUpdates", "result":"DeleteReceived", "context":{"id":"9c844b3a-9adf-4481-a73c-ab60a44d4371", "isDeleted:":"true", "version":"1702180081186"}}
{"logTime": "1211/112045", "correlationVector":"wV858qhnHzDf8Yqzcdk6gf.86","action":"GetUpdates", "result":"DeleteReceived", "context":{"id":"854a3c65-d0a6-4fac-a85a-e27752962f0b", "isDeleted:":"true", "version":"1702180081187"}}
{"logTime": "1211/112045", "correlationVector":"wV858qhnHzDf8Yqzcdk6gf.87","action":"GetUpdates", "result":"DeleteReceived", "context":{"id":"b3b9d35f-c45e-414f-b355-4718e2625c9f", "isDeleted:":"true", "version":"1702180081188"}}
{"logTime": "1211/112045", "correlationVector":"wV858qhnHzDf8Yqzcdk6gf.88","action":"GetUpdates", "result":"DeleteReceived", "context":{"id":"93498c71-657d-4f7f-9906-0e6790c7a8f1", "isDeleted:":"true", "version":"1702180081189"}}
{"logTime": "1211/112045", "correlationVector":"wV858qhnHzDf8Yqzcdk6gf.89","action":"GetUpdates", "result":"DeleteReceived", "context":{"id":"50c66bea-7395-46c7-a716-8e3f306431b7", "isDeleted:":"true", "version":"1702180081190"}}
{"logTime": "1211/112045", "correlationVector":"wV858qhnHzDf8Yqzcdk6gf.90","action":"GetUpdates", "result":"DeleteReceived", "context":{"id":"df947315-4dea-482e-b094-c4dc8280feaf", "isDeleted:":"true", "version":"1702180081191"}}
{"logTime": "1211/112045", "correlationVector":"wV858qhnHzDf8Yqzcdk6gf.91","action":"GetUpdates", "result":"DeleteReceived", "context":{"id":"5d898837-3b89-4b3f-93eb-6dd80a7d4778", "isDeleted:":"true", "version":"1702180081192"}}
{"logTime": "1211/112045", "correlationVector":"wV858qhnHzDf8Yqzcdk6gf.92","action":"GetUpdates", "result":"DeleteReceived", "context":{"id":"ab4c20f3-e216-4bef-81f0-d3220d1b4340", "isDeleted:":"true", "version":"1702180081193"}}
{"logTime": "1211/112045", "correlationVector":"wV858qhnHzDf8Yqzcdk6gf.93","action":"GetUpdates", "result":"DeleteReceived", "context":{"id":"7574ac07-61c5-4e4d-bf0f-98794e78fcd1", "isDeleted:":"true", "version":"1702180081194"}}
{"logTime": "1211/112045", "correlationVector":"wV858qhnHzDf8Yqzcdk6gf.94","action":"GetUpdates", "result":"DeleteReceived", "context":{"id":"722f9aab-db8d-4b3c-a6b0-319f8e5404f7", "isDeleted:":"true", "version":"1702180081195"}}
{"logTime": "1211/112045", "correlationVector":"wV858qhnHzDf8Yqzcdk6gf.95","action":"GetUpdates", "result":"DeleteReceived", "context":{"id":"3a54a9a7-60ec-4e68-8ab3-a4b73ba149fa", "isDeleted:":"true", "version":"1702180081197"}}
{"logTime": "1211/112045", "correlationVector":"wV858qhnHzDf8Yqzcdk6gf.96","action":"GetUpdates", "result":"DeleteReceived", "context":{"id":"1689cd70-3d11-4101-a2f8-9590b78a71a3", "isDeleted:":"true", "version":"1702180081198"}}
{"logTime": "1211/112045", "correlationVector":"wV858qhnHzDf8Yqzcdk6gf.97","action":"GetUpdates", "result":"DeleteReceived", "context":{"id":"79add7b2-50e7-4d7f-8f44-49b1146f82cb", "isDeleted:":"true", "version":"1702180081199"}}
{"logTime": "1211/112045", "correlationVector":"wV858qhnHzDf8Yqzcdk6gf.98","action":"GetUpdates", "result":"DeleteReceived", "context":{"id":"3c28dfe6-5de2-4e8e-b4e2-5ea5fa2fb3ab", "isDeleted:":"true", "version":"1702180081200"}}
{"logTime": "1211/112045", "correlationVector":"wV858qhnHzDf8Yqzcdk6gf.99","action":"GetUpdates", "result":"DeleteReceived", "context":{"id":"76037cf3-8020-4991-8ff2-1dc889a41ec7", "isDeleted:":"true", "version":"1702180081201"}}
{"logTime": "1211/112045", "correlationVector":"wV858qhnHzDf8Yqzcdk6gf.100","action":"GetUpdates", "result":"DeleteReceived", "context":{"id":"1b68bea3-690e-4f3f-bcf6-146640156b32", "isDeleted:":"true", "version":"1702180082393"}}
{"logTime": "1211/112045", "correlationVector":"wV858qhnHzDf8Yqzcdk6gf.101","action":"GetUpdates", "result":"DeleteReceived", "context":{"id":"2e1540fe-e528-4799-8c38-e0bdbd58704b", "isDeleted:":"true", "version":"1702180082395"}}
{"logTime": "1211/112045", "correlationVector":"wV858qhnHzDf8Yqzcdk6gf.102","action":"GetUpdates", "result":"DeleteReceived", "context":{"id":"ecfd18f4-4200-439f-839a-633a76c5bfc4", "isDeleted:":"true", "version":"1702183920404"}}
{"logTime": "1211/112045", "correlationVector":"wV858qhnHzDf8Yqzcdk6gf.103","action":"GetUpdates", "result":"DeleteReceived", "context":{"id":"2d5b195f-570c-4b87-a8a7-b221e2ef0ef8", "isDeleted:":"true", "version":"1702216905028"}}
{"logTime": "1211/112045", "correlationVector":"wV858qhnHzDf8Yqzcdk6gf.104","action":"GetUpdates", "result":"DeleteReceived", "context":{"id":"322f67d3-7d3a-4f2c-9f09-c6482a4aad07", "isDeleted:":"true", "version":"1702216905029"}}
{"logTime": "1211/112045", "correlationVector":"wV858qhnHzDf8Yqzcdk6gf.105","action":"GetUpdates", "result":"DeleteReceived", "context":{"id":"86a44952-0340-4500-9c83-0187348226cf", "isDeleted:":"true", "version":"1702216905030"}}
{"logTime": "1211/112045", "correlationVector":"wV858qhnHzDf8Yqzcdk6gf.106","action":"GetUpdates", "result":"DeleteReceived", "context":{"id":"41343db7-0ab8-4e40-80fe-fe1448b28c12", "isDeleted:":"true", "version":"1702216905031"}}
{"logTime": "1211/112045", "correlationVector":"wV858qhnHzDf8Yqzcdk6gf.107","action":"GetUpdates", "result":"DeleteReceived", "context":{"id":"b134eafc-9430-4f3d-b886-bd259de6cf61", "isDeleted:":"true", "version":"1702216905032"}}
{"logTime": "1211/112045", "correlationVector":"wV858qhnHzDf8Yqzcdk6gf.108","action":"GetUpdates", "result":"DeleteReceived", "context":{"id":"dbc10c54-eef5-4b10-a18f-ec70c0e6864a", "isDeleted:":"true", "version":"1702216905033"}}
{"logTime": "1211/112045", "correlationVector":"wV858qhnHzDf8Yqzcdk6gf.109","action":"GetUpdates", "result":"DeleteReceived", "context":{"id":"649b3b67-00a0-4441-8fae-40d8df367e90", "isDeleted:":"true", "version":"1702216905034"}}
{"logTime": "1211/112045", "correlationVector":"wV858qhnHzDf8Yqzcdk6gf.110","action":"GetUpdates", "result":"DeleteReceived", "context":{"id":"a4ca3cb7-51b5-46d9-9063-3cba6ff8cf7d", "isDeleted:":"true", "version":"1702216905035"}}
{"logTime": "1211/112045", "correlationVector":"wV858qhnHzDf8Yqzcdk6gf.111","action":"GetUpdates", "result":"DeleteReceived", "context":{"id":"2c55992a-b7ae-465b-8a70-2335c3d92a27", "isDeleted:":"true", "version":"1702216905036"}}
{"logTime": "1211/112045", "correlationVector":"wV858qhnHzDf8Yqzcdk6gf.112","action":"GetUpdates", "result":"DeleteReceived", "context":{"id":"3e753121-5a5b-4e5f-930c-3d9ec82917ad", "isDeleted:":"true", "version":"1702216905037"}}
{"logTime": "1211/112045", "correlationVector":"wV858qhnHzDf8Yqzcdk6gf.113","action":"GetUpdates", "result":"DeleteReceived", "context":{"id":"1f7d6296-ec8a-4d8f-8d8c-f3b484464406", "isDeleted:":"true", "version":"1702216905038"}}
{"logTime": "1211/112045", "correlationVector":"wV858qhnHzDf8Yqzcdk6gf.114","action":"GetUpdates", "result":"DeleteReceived", "context":{"id":"11d3402b-17c8-4d0e-8200-0c2744db3581", "isDeleted:":"true", "version":"1702216905039"}}
{"logTime": "1211/112045", "correlationVector":"wV858qhnHzDf8Yqzcdk6gf.115","action":"GetUpdates", "result":"DeleteReceived", "context":{"id":"dc02e3c9-4e62-481e-a3e4-81912a182744", "isDeleted:":"true", "version":"1702216905040"}}
{"logTime": "1211/112045", "correlationVector":"wV858qhnHzDf8Yqzcdk6gf.116","action":"GetUpdates", "result":"DeleteReceived", "context":{"id":"f09e64d0-aa87-4eb1-bb24-3f5ffe5eae02", "isDeleted:":"true", "version":"1702216905041"}}
{"logTime": "1211/112045", "correlationVector":"wV858qhnHzDf8Yqzcdk6gf.117","action":"GetUpdates", "result":"DeleteReceived", "context":{"id":"05bd9bc8-6f08-435b-81e7-9adf897acec7", "isDeleted:":"true", "version":"1702216905042"}}
{"logTime": "1211/112045", "correlationVector":"wV858qhnHzDf8Yqzcdk6gf.118","action":"GetUpdates", "result":"DeleteReceived", "context":{"id":"ee1a55a1-8f46-4c4f-85f2-6330521604d2", "isDeleted:":"true", "version":"1702216905043"}}
{"logTime": "1211/112045", "correlationVector":"wV858qhnHzDf8Yqzcdk6gf.119","action":"GetUpdates", "result":"DeleteReceived", "context":{"id":"2f0fa9db-da57-48c7-9697-06d11733edfc", "isDeleted:":"true", "version":"1702216905044"}}
{"logTime": "1211/112045", "correlationVector":"wV858qhnHzDf8Yqzcdk6gf.120","action":"GetUpdates", "result":"DeleteReceived", "context":{"id":"7b7aa7d3-3cb9-4b41-a032-2e04c304ce2b", "isDeleted:":"true", "version":"1702216905045"}}
{"logTime": "1211/112045", "correlationVector":"wV858qhnHzDf8Yqzcdk6gf.121","action":"GetUpdates", "result":"DeleteReceived", "context":{"id":"dfde01b5-e643-4859-8c20-045d06d3e6ab", "isDeleted:":"true", "version":"1702216905046"}}
{"logTime": "1211/112045", "correlationVector":"wV858qhnHzDf8Yqzcdk6gf.122","action":"GetUpdates", "result":"DeleteReceived", "context":{"id":"38d88298-6777-4966-a3bc-78525310ca1d", "isDeleted:":"true", "version":"1702216905047"}}
{"logTime": "1211/112045", "correlationVector":"wV858qhnHzDf8Yqzcdk6gf.123","action":"GetUpdates", "result":"DeleteReceived", "context":{"id":"e4e2834e-c133-4191-9a58-4a3d933163cb", "isDeleted:":"true", "version":"1702216906203"}}
{"logTime": "1211/112045", "correlationVector":"wV858qhnHzDf8Yqzcdk6gf.124","action":"GetUpdates", "result":"DeleteReceived", "context":{"id":"da1849c0-90c4-44b7-8d8d-113a75e167d2", "isDeleted:":"true", "version":"1702216906204"}}
{"logTime": "1211/112045", "correlationVector":"wV858qhnHzDf8Yqzcdk6gf.125","action":"GetUpdates", "result":"DeleteReceived", "context":{"id":"1916886e-404e-4936-84cf-c0d4e026512d", "isDeleted:":"true", "version":"1702216906205"}}
{"logTime": "1211/112045", "correlationVector":"wV858qhnHzDf8Yqzcdk6gf.126","action":"GetUpdates", "result":"DeleteReceived", "context":{"id":"66821ca9-1665-44e6-aea3-b5655f87fc4c", "isDeleted:":"true", "version":"1702216906206"}}
{"logTime": "1211/112045", "correlationVector":"wV858qhnHzDf8Yqzcdk6gf.127","action":"GetUpdates", "result":"DeleteReceived", "context":{"id":"058cb095-60ed-4e79-887e-901bc8d01388", "isDeleted:":"true", "version":"1702216906207"}}
{"logTime": "1211/112045", "correlationVector":"wV858qhnHzDf8Yqzcdk6gf.128","action":"GetUpdates", "result":"DeleteReceived", "context":{"id":"9fdd6c0c-b323-487f-9732-d9a1946c6521", "isDeleted:":"true", "version":"1702216906208"}}
{"logTime": "1211/112045", "correlationVector":"wV858qhnHzDf8Yqzcdk6gf.129","action":"GetUpdates", "result":"DeleteReceived", "context":{"id":"3dcbd063-a9e5-49f2-808e-58bfa11a9f1c", "isDeleted:":"true", "version":"1702216906210"}}
{"logTime": "1211/112045", "correlationVector":"wV858qhnHzDf8Yqzcdk6gf.130","action":"GetUpdates", "result":"DeleteReceived", "context":{"id":"e6c7c775-57c2-48cd-9480-66060b5be5af", "isDeleted:":"true", "version":"1702216906211"}}
{"logTime": "1211/112045", "correlationVector":"wV858qhnHzDf8Yqzcdk6gf.131","action":"GetUpdates", "result":"DeleteReceived", "context":{"id":"e5599c94-45fb-453b-a72c-17a8939b0b3b", "isDeleted:":"true", "version":"1702216906212"}}
{"logTime": "1211/112045", "correlationVector":"wV858qhnHzDf8Yqzcdk6gf.132","action":"GetUpdates", "result":"DeleteReceived", "context":{"id":"55380511-069b-47c4-aeb8-bafcb029521e", "isDeleted:":"true", "version":"1702216906213"}}
{"logTime": "1211/112045", "correlationVector":"wV858qhnHzDf8Yqzcdk6gf.133","action":"GetUpdates", "result":"DeleteReceived", "context":{"id":"c79caf76-a505-4e2c-ad6c-db333945009e", "isDeleted:":"true", "version":"1702216906214"}}
{"logTime": "1211/112045", "correlationVector":"wV858qhnHzDf8Yqzcdk6gf.134","action":"GetUpdates", "result":"DeleteReceived", "context":{"id":"217a796e-8dfd-4f8c-86fa-6b0b8b890b9a", "isDeleted:":"true", "version":"1702216906215"}}
{"logTime": "1211/112045", "correlationVector":"wV858qhnHzDf8Yqzcdk6gf.135","action":"GetUpdates", "result":"DeleteReceived", "context":{"id":"6a7e9f45-d15f-4f74-8661-c234d58916fa", "isDeleted:":"true", "version":"1702216906216"}}
{"logTime": "1211/112045", "correlationVector":"wV858qhnHzDf8Yqzcdk6gf.136","action":"GetUpdates", "result":"DeleteReceived", "context":{"id":"4d58141f-00b2-4741-9a63-404e5f7334b6", "isDeleted:":"true", "version":"1702216906217"}}
{"logTime": "1211/112045", "correlationVector":"wV858qhnHzDf8Yqzcdk6gf.137","action":"GetUpdates", "result":"DeleteReceived", "context":{"id":"278755e6-0edf-476e-8fc8-9aac78faa650", "isDeleted:":"true", "version":"1702216906218"}}
{"logTime": "1211/112045", "correlationVector":"wV858qhnHzDf8Yqzcdk6gf.138","action":"GetUpdates", "result":"DeleteReceived", "context":{"id":"f9745343-f15c-4bc4-b140-ce85da51d6f3", "isDeleted:":"true", "version":"1702216906219"}}
{"logTime": "1211/112045", "correlationVector":"wV858qhnHzDf8Yqzcdk6gf.139","action":"GetUpdates", "result":"DeleteReceived", "context":{"id":"7a1462db-c46a-4354-87b5-b5fa134e8818", "isDeleted:":"true", "version":"1702216906220"}}
{"logTime": "1211/112045", "correlationVector":"wV858qhnHzDf8Yqzcdk6gf.140","action":"GetUpdates", "result":"DeleteReceived", "context":{"id":"b9f0538c-579f-4616-a1f8-4f594f941f30", "isDeleted:":"true", "version":"1702216906221"}}
{"logTime": "1211/112045", "correlationVector":"wV858qhnHzDf8Yqzcdk6gf.141","action":"GetUpdates", "result":"DeleteReceived", "context":{"id":"e2d366a6-23ea-47f4-bc7d-97e58da8b3e4", "isDeleted:":"true", "version":"1702216906222"}}
{"logTime": "1211/112045", "correlationVector":"wV858qhnHzDf8Yqzcdk6gf.142","action":"GetUpdates", "result":"DeleteReceived", "context":{"id":"b16f779a-03ee-41ac-a5a8-93601561c079", "isDeleted:":"true", "version":"1702216907689"}}
{"logTime": "1211/112045", "correlationVector":"wV858qhnHzDf8Yqzcdk6gf.143","action":"GetUpdates", "result":"DeleteReceived", "context":{"id":"c680d76f-3c97-449c-9f32-a4e59243fae4", "isDeleted:":"true", "version":"1702216907690"}}
{"logTime": "1211/112045", "correlationVector":"wV858qhnHzDf8Yqzcdk6gf.144","action":"GetUpdates", "result":"DeleteReceived", "context":{"id":"db39f2b0-ca92-4de4-a793-dfac816ec75b", "isDeleted:":"true", "version":"1702216907692"}}
{"logTime": "1211/112045", "correlationVector":"wV858qhnHzDf8Yqzcdk6gf.145","action":"GetUpdates", "result":"DeleteReceived", "context":{"id":"1ddaac0a-832b-40b2-8f84-8e634674f26f", "isDeleted:":"true", "version":"1702216907693"}}
{"logTime": "1211/112045", "correlationVector":"wV858qhnHzDf8Yqzcdk6gf.146","action":"GetUpdates", "result":"DeleteReceived", "context":{"id":"bc3bd36e-8ba3-4a49-8d94-87ca83bd69aa", "isDeleted:":"true", "version":"1702216907694"}}
{"logTime": "1211/112045", "correlationVector":"wV858qhnHzDf8Yqzcdk6gf.147","action":"GetUpdates", "result":"DeleteReceived", "context":{"id":"708cd74b-7843-4695-8d9c-20326a439744", "isDeleted:":"true", "version":"1702216907695"}}
{"logTime": "1211/112045", "correlationVector":"wV858qhnHzDf8Yqzcdk6gf.148","action":"GetUpdates", "result":"DeleteReceived", "context":{"id":"832edba5-d823-42f9-9505-1d0b3bf28528", "isDeleted:":"true", "version":"1702216907696"}}
{"logTime": "1211/112045", "correlationVector":"wV858qhnHzDf8Yqzcdk6gf.149","action":"GetUpdates", "result":"DeleteReceived", "context":{"id":"e07094f9-bc3b-4a36-9b8b-f65b91edd52c", "isDeleted:":"true", "version":"1702216907698"}}
{"logTime": "1211/112045", "correlationVector":"wV858qhnHzDf8Yqzcdk6gf.150","action":"GetUpdates Response", "result":"SERVER_MORE_TO_DOWNLOAD", "context":Received 250 update(s).  Some updates remain.}
{"logTime": "1211/112045", "correlationVector":"KxYCWqtOKsVcAQhjRmNpSh","action":"Initial GetUpdates", "result":"", "context":Reason: RECONFIGURATION. cV=KxYCWqtOKsVcAQhjRmNpSh}
{"logTime": "1211/112046", "correlationVector":"KxYCWqtOKsVcAQhjRmNpSh.1","action":"SyncServerConnectionManagerRequest", "result":"SYNC_SERVER_OK", "context":{"environment":"Prod_JapanEast_000f", "migrationStage":"NotStarted", "server":"general1100001K"}}
{"logTime": "1211/112046", "correlationVector":"KxYCWqtOKsVcAQhjRmNpSh.2","action":"GetUpdates Response", "result":"SERVER_MORE_TO_DOWNLOAD", "context":Received 250 update(s).  Some updates remain.}
{"logTime": "1211/112046", "correlationVector":"GH3kRUtHsedC7mtXRp1Z65","action":"Initial GetUpdates", "result":"", "context":Reason: RECONFIGURATION. cV=GH3kRUtHsedC7mtXRp1Z65}
{"logTime": "1211/112047", "correlationVector":"GH3kRUtHsedC7mtXRp1Z65.1","action":"SyncServerConnectionManagerRequest", "result":"SYNC_SERVER_OK", "context":{"environment":"Prod_JapanEast_000f", "migrationStage":"NotStarted", "server":"general1100000X"}}
{"logTime": "1211/112047", "correlationVector":"GH3kRUtHsedC7mtXRp1Z65.2","action":"GetUpdates Response", "result":"SERVER_MORE_TO_DOWNLOAD", "context":Received 250 update(s).  Some updates remain.}
{"logTime": "1211/112047", "correlationVector":"ny0x0nuL54qIHOy+4DS5f0","action":"Initial GetUpdates", "result":"", "context":Reason: RECONFIGURATION. cV=ny0x0nuL54qIHOy+4DS5f0}
{"logTime": "1211/112048", "correlationVector":"ny0x0nuL54qIHOy+4DS5f0.1","action":"SyncServerConnectionManagerRequest", "result":"SYNC_SERVER_OK", "context":{"environment":"Prod_JapanEast_000f", "migrationStage":"NotStarted", "server":"GENERAL1100000A"}}
{"logTime": "1211/112048", "correlationVector":"ny0x0nuL54qIHOy+4DS5f0.2","action":"GetUpdates Response", "result":"SERVER_MORE_TO_DOWNLOAD", "context":Received 250 update(s).  Some updates remain.}
{"logTime": "1211/112048", "correlationVector":"TQM0WYnux7c+xCw52zO/aU","action":"Initial GetUpdates", "result":"", "context":Reason: RECONFIGURATION. cV=TQM0WYnux7c+xCw52zO/aU}
{"logTime": "1211/112049", "correlationVector":"TQM0WYnux7c+xCw52zO/aU.1","action":"SyncServerConnectionManagerRequest", "result":"SYNC_SERVER_OK", "context":{"environment":"Prod_JapanEast_000f", "migrationStage":"NotStarted", "server":"GENERAL1100000H"}}
{"logTime": "1211/112049", "correlationVector":"TQM0WYnux7c+xCw52zO/aU.2","action":"GetUpdates Response", "result":"SERVER_MORE_TO_DOWNLOAD", "context":Received 250 update(s).  Some updates remain.}
{"logTime": "1211/112049", "correlationVector":"RMOw9FyI1D8loL0axxx8I3","action":"Initial GetUpdates", "result":"", "context":Reason: RECONFIGURATION. cV=RMOw9FyI1D8loL0axxx8I3}
{"logTime": "1211/112050", "correlationVector":"RMOw9FyI1D8loL0axxx8I3.1","action":"SyncServerConnectionManagerRequest", "result":"SYNC_SERVER_OK", "context":{"environment":"Prod_JapanEast_000f", "migrationStage":"NotStarted", "server":"general1100001J"}}
{"logTime": "1211/112050", "correlationVector":"RMOw9FyI1D8loL0axxx8I3.2","action":"GetUpdates", "result":"DeleteReceived", "context":{"id":"b0916f57-12a8-4034-b2da-380d38ead4e1", "isDeleted:":"true", "version":"1702263465771"}}
{"logTime": "1211/112050", "correlationVector":"RMOw9FyI1D8loL0axxx8I3.3","action":"GetUpdates", "result":"DeleteReceived", "context":{"id":"6fae355d-6ddb-4573-8e0c-b56954448fdb", "isDeleted:":"true", "version":"1702263465772"}}
{"logTime": "1211/112050", "correlationVector":"RMOw9FyI1D8loL0axxx8I3.4","action":"GetUpdates", "result":"DeleteReceived", "context":{"id":"2a16b1d8-9c4d-4bdc-98e1-97bff648de1b", "isDeleted:":"true", "version":"1702263465773"}}
{"logTime": "1211/112050", "correlationVector":"RMOw9FyI1D8loL0axxx8I3.5","action":"GetUpdates", "result":"DeleteReceived", "context":{"id":"a91aa979-a1ed-42b8-877f-ce24ee9b9e60", "isDeleted:":"true", "version":"1702263465774"}}
{"logTime": "1211/112050", "correlationVector":"RMOw9FyI1D8loL0axxx8I3.6","action":"GetUpdates", "result":"DeleteReceived", "context":{"id":"100bdec8-d596-49dd-b760-63420005ba45", "isDeleted:":"true", "version":"1702263465775"}}
{"logTime": "1211/112050", "correlationVector":"RMOw9FyI1D8loL0axxx8I3.7","action":"GetUpdates", "result":"DeleteReceived", "context":{"id":"a1dfe399-660d-49f4-9c7b-43883c482b31", "isDeleted:":"true", "version":"1702263465776"}}
{"logTime": "1211/112050", "correlationVector":"RMOw9FyI1D8loL0axxx8I3.8","action":"GetUpdates", "result":"DeleteReceived", "context":{"id":"b41a29a3-434f-4d38-87d9-41b0a0b176ec", "isDeleted:":"true", "version":"1702263465777"}}
{"logTime": "1211/112050", "correlationVector":"RMOw9FyI1D8loL0axxx8I3.9","action":"GetUpdates", "result":"DeleteReceived", "context":{"id":"e413f020-90e1-48a4-acd9-1d8f1bff2893", "isDeleted:":"true", "version":"1702263465778"}}
{"logTime": "1211/112050", "correlationVector":"RMOw9FyI1D8loL0axxx8I3.10","action":"GetUpdates", "result":"DeleteReceived", "context":{"id":"4cdda228-13d2-40b4-84d5-a6cbaa60ea43", "isDeleted:":"true", "version":"1702263465779"}}
{"logTime": "1211/112050", "correlationVector":"RMOw9FyI1D8loL0axxx8I3.11","action":"GetUpdates", "result":"DeleteReceived", "context":{"id":"9d5e2896-b120-4942-9b18-620c1dbf4d11", "isDeleted:":"true", "version":"1702263465780"}}
{"logTime": "1211/112050", "correlationVector":"RMOw9FyI1D8loL0axxx8I3.12","action":"GetUpdates", "result":"DeleteReceived", "context":{"id":"f9ccbf94-36f4-43b8-b2f5-c94c9535662f", "isDeleted:":"true", "version":"1702263465781"}}
{"logTime": "1211/112050", "correlationVector":"RMOw9FyI1D8loL0axxx8I3.13","action":"GetUpdates", "result":"DeleteReceived", "context":{"id":"e7d7d4fb-f58a-4c7e-9406-e6eb76f9a581", "isDeleted:":"true", "version":"1702263465782"}}
{"logTime": "1211/112050", "correlationVector":"RMOw9FyI1D8loL0axxx8I3.14","action":"GetUpdates", "result":"DeleteReceived", "context":{"id":"299ceaba-50a6-4373-b6d7-818c628049c5", "isDeleted:":"true", "version":"1702263465783"}}
{"logTime": "1211/112050", "correlationVector":"RMOw9FyI1D8loL0axxx8I3.15","action":"GetUpdates", "result":"DeleteReceived", "context":{"id":"5033a413-d071-4c42-9f8f-428792e6723a", "isDeleted:":"true", "version":"1702263465784"}}
{"logTime": "1211/112050", "correlationVector":"RMOw9FyI1D8loL0axxx8I3.16","action":"GetUpdates", "result":"DeleteReceived", "context":{"id":"58e4b3be-1097-410f-a92c-5c7969428e95", "isDeleted:":"true", "version":"1702263465785"}}
{"logTime": "1211/112050", "correlationVector":"RMOw9FyI1D8loL0axxx8I3.17","action":"GetUpdates", "result":"DeleteReceived", "context":{"id":"9cf973ee-3e0d-44aa-9755-c9f7b07aa8cc", "isDeleted:":"true", "version":"1702263465786"}}
{"logTime": "1211/112050", "correlationVector":"RMOw9FyI1D8loL0axxx8I3.18","action":"GetUpdates", "result":"DeleteReceived", "context":{"id":"ee252f86-985e-405f-8d22-bb52c1a2566e", "isDeleted:":"true", "version":"1702263465787"}}
{"logTime": "1211/112050", "correlationVector":"RMOw9FyI1D8loL0axxx8I3.19","action":"GetUpdates", "result":"DeleteReceived", "context":{"id":"6bdd2ed3-5aa4-42f1-b25f-bab93fdb7a61", "isDeleted:":"true", "version":"1702263465788"}}
{"logTime": "1211/112050", "correlationVector":"RMOw9FyI1D8loL0axxx8I3.20","action":"GetUpdates", "result":"DeleteReceived", "context":{"id":"7ac9dfd8-60f8-4545-9a51-ede6146ff63d", "isDeleted:":"true", "version":"1702263465789"}}
{"logTime": "1211/112050", "correlationVector":"RMOw9FyI1D8loL0axxx8I3.21","action":"GetUpdates", "result":"DeleteReceived", "context":{"id":"ae40a2f7-adb5-4e51-b708-8fddc6d18e0d", "isDeleted:":"true", "version":"1702263465790"}}
{"logTime": "1211/112050", "correlationVector":"RMOw9FyI1D8loL0axxx8I3.22","action":"GetUpdates", "result":"DeleteReceived", "context":{"id":"54bd5346-3cce-43de-b6ee-c7f1e25208d9", "isDeleted:":"true", "version":"1702263466921"}}
{"logTime": "1211/112050", "correlationVector":"RMOw9FyI1D8loL0axxx8I3.23","action":"GetUpdates", "result":"DeleteReceived", "context":{"id":"cbaa6879-0451-4b19-ab36-400770890843", "isDeleted:":"true", "version":"1702263466922"}}
{"logTime": "1211/112050", "correlationVector":"RMOw9FyI1D8loL0axxx8I3.24","action":"GetUpdates", "result":"DeleteReceived", "context":{"id":"4a8e57ac-b1f0-4682-bb2c-c4c9c2330137", "isDeleted:":"true", "version":"1702263466923"}}
{"logTime": "1211/112050", "correlationVector":"RMOw9FyI1D8loL0axxx8I3.25","action":"GetUpdates", "result":"DeleteReceived", "context":{"id":"92f7c92c-6408-4798-9b37-8ed2eb60cb29", "isDeleted:":"true", "version":"1702263466924"}}
{"logTime": "1211/112050", "correlationVector":"RMOw9FyI1D8loL0axxx8I3.26","action":"GetUpdates", "result":"DeleteReceived", "context":{"id":"3d226031-6e20-4e97-979f-fab4e2e297e8", "isDeleted:":"true", "version":"1702263466925"}}
{"logTime": "1211/112050", "correlationVector":"RMOw9FyI1D8loL0axxx8I3.27","action":"GetUpdates", "result":"DeleteReceived", "context":{"id":"65f84c03-39c5-4a70-bd4d-868b4f9ae5c2", "isDeleted:":"true", "version":"1702263466926"}}
{"logTime": "1211/112050", "correlationVector":"RMOw9FyI1D8loL0axxx8I3.28","action":"GetUpdates", "result":"DeleteReceived", "context":{"id":"a12e8a72-efbe-4915-82cb-9881e96260a6", "isDeleted:":"true", "version":"1702263466927"}}
{"logTime": "1211/112050", "correlationVector":"RMOw9FyI1D8loL0axxx8I3.29","action":"GetUpdates", "result":"DeleteReceived", "context":{"id":"8854c874-8386-4e7c-8f19-7c5c10a12004", "isDeleted:":"true", "version":"1702263466928"}}
{"logTime": "1211/112050", "correlationVector":"RMOw9FyI1D8loL0axxx8I3.30","action":"GetUpdates", "result":"DeleteReceived", "context":{"id":"51d45b65-f3c9-4220-95c2-0d1170674fe7", "isDeleted:":"true", "version":"1702263466929"}}
{"logTime": "1211/112050", "correlationVector":"RMOw9FyI1D8loL0axxx8I3.31","action":"GetUpdates", "result":"DeleteReceived", "context":{"id":"e36254b1-c8d3-4a6e-93c5-d6bb92094f95", "isDeleted:":"true", "version":"1702263466930"}}
{"logTime": "1211/112050", "correlationVector":"RMOw9FyI1D8loL0axxx8I3.32","action":"GetUpdates", "result":"DeleteReceived", "context":{"id":"4afdd017-9423-49b0-99b9-33dd1b802e14", "isDeleted:":"true", "version":"1702263466931"}}
{"logTime": "1211/112050", "correlationVector":"RMOw9FyI1D8loL0axxx8I3.33","action":"GetUpdates", "result":"DeleteReceived", "context":{"id":"b977d5be-4d97-44a8-a974-5149472e5de1", "isDeleted:":"true", "version":"1702263466932"}}
{"logTime": "1211/112050", "correlationVector":"RMOw9FyI1D8loL0axxx8I3.34","action":"GetUpdates", "result":"DeleteReceived", "context":{"id":"c4eaf04c-bec9-4037-b77a-9a91c5eec4d9", "isDeleted:":"true", "version":"1702263466933"}}
{"logTime": "1211/112050", "correlationVector":"RMOw9FyI1D8loL0axxx8I3.35","action":"GetUpdates", "result":"DeleteReceived", "context":{"id":"d297c35c-ced2-4829-b2cf-1a6645102c98", "isDeleted:":"true", "version":"1702263466934"}}
{"logTime": "1211/112050", "correlationVector":"RMOw9FyI1D8loL0axxx8I3.36","action":"GetUpdates", "result":"DeleteReceived", "context":{"id":"b6a0bf46-fde8-4125-aa25-e6ce06b0bb74", "isDeleted:":"true", "version":"1702263466935"}}
{"logTime": "1211/112050", "correlationVector":"RMOw9FyI1D8loL0axxx8I3.37","action":"GetUpdates", "result":"DeleteReceived", "context":{"id":"254a5c0e-b0bb-42e3-980b-958cf22bea48", "isDeleted:":"true", "version":"1702263466936"}}
{"logTime": "1211/112050", "correlationVector":"RMOw9FyI1D8loL0axxx8I3.38","action":"GetUpdates", "result":"DeleteReceived", "context":{"id":"068387ac-f4a0-40b6-89d9-a7e852c2666f", "isDeleted:":"true", "version":"1702263466937"}}
{"logTime": "1211/112050", "correlationVector":"RMOw9FyI1D8loL0axxx8I3.39","action":"GetUpdates", "result":"DeleteReceived", "context":{"id":"e545ea00-ad09-4376-972f-46ad75bbb103", "isDeleted:":"true", "version":"1702263466938"}}
{"logTime": "1211/112050", "correlationVector":"RMOw9FyI1D8loL0axxx8I3.40","action":"GetUpdates", "result":"DeleteReceived", "context":{"id":"694039c7-901d-451d-923e-3f29d8665f13", "isDeleted:":"true", "version":"1702263466939"}}
{"logTime": "1211/112050", "correlationVector":"RMOw9FyI1D8loL0axxx8I3.41","action":"GetUpdates", "result":"DeleteReceived", "context":{"id":"a7387655-8dc4-468e-83bf-0224696795b1", "isDeleted:":"true", "version":"1702263466940"}}
{"logTime": "1211/112050", "correlationVector":"RMOw9FyI1D8loL0axxx8I3.42","action":"GetUpdates", "result":"DeleteReceived", "context":{"id":"487170e6-b386-49ba-a40b-d325f2cb4464", "isDeleted:":"true", "version":"1702263468015"}}
{"logTime": "1211/112050", "correlationVector":"RMOw9FyI1D8loL0axxx8I3.43","action":"GetUpdates", "result":"DeleteReceived", "context":{"id":"3865eef0-dfb5-4ea8-a4e2-8a2c8a4a8ae0", "isDeleted:":"true", "version":"1702263468016"}}
{"logTime": "1211/112050", "correlationVector":"RMOw9FyI1D8loL0axxx8I3.44","action":"GetUpdates", "result":"DeleteReceived", "context":{"id":"217d7e04-40dd-4989-a889-eabcc656005d", "isDeleted:":"true", "version":"1702263468017"}}
{"logTime": "1211/112050", "correlationVector":"RMOw9FyI1D8loL0axxx8I3.45","action":"GetUpdates", "result":"DeleteReceived", "context":{"id":"aeabb771-ec13-4d55-89c2-58882781e0a2", "isDeleted:":"true", "version":"1702263468018"}}
{"logTime": "1211/112050", "correlationVector":"RMOw9FyI1D8loL0axxx8I3.46","action":"GetUpdates", "result":"DeleteReceived", "context":{"id":"55a019a4-143c-4b26-9510-0cb39db345f1", "isDeleted:":"true", "version":"1702263468020"}}
{"logTime": "1211/112050", "correlationVector":"RMOw9FyI1D8loL0axxx8I3.47","action":"GetUpdates", "result":"DeleteReceived", "context":{"id":"985f3e7b-5849-4bb5-8711-1ab24a1b7601", "isDeleted:":"true", "version":"1702263468021"}}
{"logTime": "1211/112050", "correlationVector":"RMOw9FyI1D8loL0axxx8I3.48","action":"GetUpdates", "result":"DeleteReceived", "context":{"id":"546dca0a-0e82-43c9-9a6f-fa3853c8d171", "isDeleted:":"true", "version":"1702263468022"}}
{"logTime": "1211/112050", "correlationVector":"RMOw9FyI1D8loL0axxx8I3.49","action":"GetUpdates", "result":"DeleteReceived", "context":{"id":"8e08d8e5-5fb6-4150-aab6-cc2613ef1d0c", "isDeleted:":"true", "version":"1702263468023"}}
{"logTime": "1211/112050", "correlationVector":"RMOw9FyI1D8loL0axxx8I3.50","action":"GetUpdates", "result":"DeleteReceived", "context":{"id":"876ea683-28ee-445d-9666-34fa5cef20ab", "isDeleted:":"true", "version":"1702263468024"}}
{"logTime": "1211/112050", "correlationVector":"RMOw9FyI1D8loL0axxx8I3.51","action":"GetUpdates", "result":"DeleteReceived", "context":{"id":"31b78267-f304-4b2a-a6c1-1fa6af43c2ab", "isDeleted:":"true", "version":"1702263468025"}}
{"logTime": "1211/112050", "correlationVector":"RMOw9FyI1D8loL0axxx8I3.52","action":"GetUpdates", "result":"DeleteReceived", "context":{"id":"842230a1-82dd-41db-9fff-00383f285769", "isDeleted:":"true", "version":"1702263468026"}}
{"logTime": "1211/112050", "correlationVector":"RMOw9FyI1D8loL0axxx8I3.53","action":"GetUpdates", "result":"DeleteReceived", "context":{"id":"200169fb-59ea-4ef6-90fd-e1ddf8565bff", "isDeleted:":"true", "version":"1702263468027"}}
{"logTime": "1211/112050", "correlationVector":"RMOw9FyI1D8loL0axxx8I3.54","action":"GetUpdates", "result":"DeleteReceived", "context":{"id":"199ece5b-55f2-4718-80b7-e0dc606ffb5b", "isDeleted:":"true", "version":"1702263468028"}}
{"logTime": "1211/112050", "correlationVector":"RMOw9FyI1D8loL0axxx8I3.55","action":"GetUpdates", "result":"DeleteReceived", "context":{"id":"773e3a1e-2ae1-4ffb-81c9-c84bd3e4dea3", "isDeleted:":"true", "version":"1702263468029"}}
{"logTime": "1211/112050", "correlationVector":"RMOw9FyI1D8loL0axxx8I3.56","action":"GetUpdates", "result":"DeleteReceived", "context":{"id":"75426ad0-562e-44db-8d45-80fab7e2514e", "isDeleted:":"true", "version":"1702263468030"}}
{"logTime": "1211/112050", "correlationVector":"RMOw9FyI1D8loL0axxx8I3.57","action":"GetUpdates", "result":"DeleteReceived", "context":{"id":"27ec0db2-5ee2-4afe-8f1d-551d85164297", "isDeleted:":"true", "version":"1702263468031"}}
{"logTime": "1211/112050", "correlationVector":"RMOw9FyI1D8loL0axxx8I3.58","action":"GetUpdates", "result":"DeleteReceived", "context":{"id":"12a35c8f-2a94-4df0-8133-7fcddd8a70a9", "isDeleted:":"true", "version":"1702263468032"}}
{"logTime": "1211/112050", "correlationVector":"RMOw9FyI1D8loL0axxx8I3.59","action":"GetUpdates", "result":"DeleteReceived", "context":{"id":"85e656b8-5aae-4a9e-bd1d-f8fc34ca2306", "isDeleted:":"true", "version":"1702263468033"}}
{"logTime": "1211/112050", "correlationVector":"RMOw9FyI1D8loL0axxx8I3.60","action":"GetUpdates", "result":"DeleteReceived", "context":{"id":"cbc14da6-d9d9-4ce7-9cd0-58fb8429dd82", "isDeleted:":"true", "version":"1702263468034"}}
{"logTime": "1211/112050", "correlationVector":"RMOw9FyI1D8loL0axxx8I3.61","action":"GetUpdates", "result":"DeleteReceived", "context":{"id":"b4873c7c-d852-48a5-a5a4-13aaf047e0c9", "isDeleted:":"true", "version":"1702263469015"}}
{"logTime": "1211/112050", "correlationVector":"RMOw9FyI1D8loL0axxx8I3.62","action":"GetUpdates", "result":"DeleteReceived", "context":{"id":"089b399c-ca46-402e-9148-e1ab4029de74", "isDeleted:":"true", "version":"1702263469016"}}
{"logTime": "1211/112050", "correlationVector":"RMOw9FyI1D8loL0axxx8I3.63","action":"GetUpdates", "result":"DeleteReceived", "context":{"id":"7b2ddefb-e435-4c76-9354-19a2f9d0f787", "isDeleted:":"true", "version":"1702263469017"}}
{"logTime": "1211/112050", "correlationVector":"RMOw9FyI1D8loL0axxx8I3.64","action":"GetUpdates", "result":"DeleteReceived", "context":{"id":"4007620f-4145-4d96-8731-c08754749101", "isDeleted:":"true", "version":"1702263469018"}}
{"logTime": "1211/112050", "correlationVector":"RMOw9FyI1D8loL0axxx8I3.65","action":"GetUpdates", "result":"DeleteReceived", "context":{"id":"f250c65e-a54c-4cdc-85a8-da7dad2a71d1", "isDeleted:":"true", "version":"1702263469019"}}
{"logTime": "1211/112050", "correlationVector":"RMOw9FyI1D8loL0axxx8I3.66","action":"GetUpdates", "result":"DeleteReceived", "context":{"id":"639a0391-60ab-457b-9fea-1d4e146a4db6", "isDeleted:":"true", "version":"1702263469020"}}
{"logTime": "1211/112050", "correlationVector":"RMOw9FyI1D8loL0axxx8I3.67","action":"GetUpdates", "result":"DeleteReceived", "context":{"id":"c8f23b13-3407-4f85-9e0b-543c23027f6c", "isDeleted:":"true", "version":"1702263469021"}}
{"logTime": "1211/112050", "correlationVector":"RMOw9FyI1D8loL0axxx8I3.68","action":"GetUpdates", "result":"DeleteReceived", "context":{"id":"d8e5032f-3840-4028-843d-a22afbba82c4", "isDeleted:":"true", "version":"1702263469022"}}
{"logTime": "1211/112050", "correlationVector":"RMOw9FyI1D8loL0axxx8I3.69","action":"GetUpdates", "result":"DeleteReceived", "context":{"id":"bd71f850-8a00-49c5-b51f-17d986257876", "isDeleted:":"true", "version":"1702263469023"}}
{"logTime": "1211/112050", "correlationVector":"RMOw9FyI1D8loL0axxx8I3.70","action":"GetUpdates", "result":"DeleteReceived", "context":{"id":"3d4b337c-ba7e-49b2-83bd-039ace916b3f", "isDeleted:":"true", "version":"1702263469024"}}
{"logTime": "1211/112050", "correlationVector":"RMOw9FyI1D8loL0axxx8I3.71","action":"GetUpdates", "result":"DeleteReceived", "context":{"id":"4909ef79-ef5a-4aaa-8317-d83edaa886a6", "isDeleted:":"true", "version":"1702263469025"}}
{"logTime": "1211/112050", "correlationVector":"RMOw9FyI1D8loL0axxx8I3.72","action":"GetUpdates", "result":"DeleteReceived", "context":{"id":"9d4abd44-1092-472c-af27-3905be9808e7", "isDeleted:":"true", "version":"1702263469026"}}
{"logTime": "1211/112050", "correlationVector":"RMOw9FyI1D8loL0axxx8I3.73","action":"GetUpdates", "result":"DeleteReceived", "context":{"id":"94428ab9-da5a-4ffd-b904-ce1fcfe8e985", "isDeleted:":"true", "version":"1702263469028"}}
{"logTime": "1211/112050", "correlationVector":"RMOw9FyI1D8loL0axxx8I3.74","action":"GetUpdates", "result":"DeleteReceived", "context":{"id":"e500347d-980d-409f-af17-b59f750d7cf0", "isDeleted:":"true", "version":"1702263469029"}}
{"logTime": "1211/112050", "correlationVector":"RMOw9FyI1D8loL0axxx8I3.75","action":"GetUpdates", "result":"DeleteReceived", "context":{"id":"4fd9558f-7cef-4791-ad0e-982a0674ccf0", "isDeleted:":"true", "version":"1702263469030"}}
{"logTime": "1211/112050", "correlationVector":"RMOw9FyI1D8loL0axxx8I3.76","action":"GetUpdates", "result":"DeleteReceived", "context":{"id":"4d71c852-f604-4697-afe0-c0a764f175a8", "isDeleted:":"true", "version":"1702263469031"}}
{"logTime": "1211/112050", "correlationVector":"RMOw9FyI1D8loL0axxx8I3.77","action":"GetUpdates", "result":"DeleteReceived", "context":{"id":"c54a7ba0-b3f7-4a6b-b7e5-f0b16d61c3e7", "isDeleted:":"true", "version":"1702263469032"}}
{"logTime": "1211/112050", "correlationVector":"RMOw9FyI1D8loL0axxx8I3.78","action":"GetUpdates", "result":"DeleteReceived", "context":{"id":"e99ec501-9545-4ccd-a646-bf32d0fdeff0", "isDeleted:":"true", "version":"1702263469033"}}
{"logTime": "1211/112050", "correlationVector":"RMOw9FyI1D8loL0axxx8I3.79","action":"GetUpdates", "result":"DeleteReceived", "context":{"id":"96fb5575-4555-4fcf-aad9-b61f85e2ffa8", "isDeleted:":"true", "version":"1702263469998"}}
{"logTime": "1211/112050", "correlationVector":"RMOw9FyI1D8loL0axxx8I3.80","action":"GetUpdates", "result":"DeleteReceived", "context":{"id":"9cd33394-fb30-447f-8e7a-0ac82035e22b", "isDeleted:":"true", "version":"1702263469999"}}
{"logTime": "1211/112050", "correlationVector":"RMOw9FyI1D8loL0axxx8I3.81","action":"GetUpdates", "result":"DeleteReceived", "context":{"id":"d0dcd9e7-45ab-4084-aa33-01292af52f4c", "isDeleted:":"true", "version":"1702263470001"}}
{"logTime": "1211/112050", "correlationVector":"RMOw9FyI1D8loL0axxx8I3.82","action":"GetUpdates", "result":"DeleteReceived", "context":{"id":"8f0335b4-c202-42ae-ae00-3c242e08f497", "isDeleted:":"true", "version":"1702263470002"}}
{"logTime": "1211/112050", "correlationVector":"RMOw9FyI1D8loL0axxx8I3.83","action":"GetUpdates", "result":"DeleteReceived", "context":{"id":"790f816b-feda-4263-b08b-fddb27543150", "isDeleted:":"true", "version":"1702263470003"}}
{"logTime": "1211/112050", "correlationVector":"RMOw9FyI1D8loL0axxx8I3.84","action":"GetUpdates", "result":"DeleteReceived", "context":{"id":"1a9dce74-242b-4a74-8157-ebdedac19758", "isDeleted:":"true", "version":"1702263470005"}}
{"logTime": "1211/112050", "correlationVector":"RMOw9FyI1D8loL0axxx8I3.85","action":"GetUpdates", "result":"DeleteReceived", "context":{"id":"87cec4b7-c589-466e-bcb9-e256fa546de6", "isDeleted:":"true", "version":"1702280070801"}}
{"logTime": "1211/112050", "correlationVector":"RMOw9FyI1D8loL0axxx8I3.86","action":"GetUpdates", "result":"DeleteReceived", "context":{"id":"2a2ab0ca-d20f-4b3c-80b9-21d42887300e", "isDeleted:":"true", "version":"1702280070802"}}
{"logTime": "1211/112050", "correlationVector":"RMOw9FyI1D8loL0axxx8I3.87","action":"GetUpdates", "result":"DeleteReceived", "context":{"id":"5c6cb3db-004a-47bc-9058-9bc0eee4b64a", "isDeleted:":"true", "version":"1702280070804"}}
{"logTime": "1211/112050", "correlationVector":"RMOw9FyI1D8loL0axxx8I3.88","action":"GetUpdates", "result":"DeleteReceived", "context":{"id":"beb302b9-a3d3-4621-81dc-a69fa583645b", "isDeleted:":"true", "version":"1702280070806"}}
{"logTime": "1211/112050", "correlationVector":"RMOw9FyI1D8loL0axxx8I3.89","action":"GetUpdates", "result":"DeleteReceived", "context":{"id":"82a3dafb-44f4-480b-8ffd-b7ed0d110578", "isDeleted:":"true", "version":"1702280070807"}}
{"logTime": "1211/112050", "correlationVector":"RMOw9FyI1D8loL0axxx8I3.90","action":"GetUpdates", "result":"DeleteReceived", "context":{"id":"d45e299e-91d0-4f71-88cb-93e96194c3d6", "isDeleted:":"true", "version":"1702280070808"}}
{"logTime": "1211/112050", "correlationVector":"RMOw9FyI1D8loL0axxx8I3.91","action":"GetUpdates", "result":"DeleteReceived", "context":{"id":"97b9693e-610d-4a1a-a4d1-bec754d2c825", "isDeleted:":"true", "version":"1702280070810"}}
{"logTime": "1211/112050", "correlationVector":"RMOw9FyI1D8loL0axxx8I3.92","action":"GetUpdates", "result":"DeleteReceived", "context":{"id":"96b8f790-c436-42c2-9b38-af74865202f7", "isDeleted:":"true", "version":"1702280070811"}}
{"logTime": "1211/112050", "correlationVector":"RMOw9FyI1D8loL0axxx8I3.93","action":"GetUpdates", "result":"DeleteReceived", "context":{"id":"c8311b4d-0326-4a0d-a35c-ce8a4b730c32", "isDeleted:":"true", "version":"1702280070814"}}
{"logTime": "1211/112050", "correlationVector":"RMOw9FyI1D8loL0axxx8I3.94","action":"GetUpdates", "result":"DeleteReceived", "context":{"id":"4d145f3c-0c07-4713-a49b-d623f849271e", "isDeleted:":"true", "version":"1702280070815"}}
{"logTime": "1211/112050", "correlationVector":"RMOw9FyI1D8loL0axxx8I3.95","action":"GetUpdates", "result":"DeleteReceived", "context":{"id":"02bc81ae-8362-425b-9a97-216f7aae63ee", "isDeleted:":"true", "version":"1702280070816"}}
{"logTime": "1211/112050", "correlationVector":"RMOw9FyI1D8loL0axxx8I3.96","action":"GetUpdates", "result":"DeleteReceived", "context":{"id":"eb637828-9f39-4128-9b94-7fb60e2f661b", "isDeleted:":"true", "version":"1702280070817"}}
{"logTime": "1211/112050", "correlationVector":"RMOw9FyI1D8loL0axxx8I3.97","action":"GetUpdates Response", "result":"SERVER_MORE_TO_DOWNLOAD", "context":Received 250 update(s).  Some updates remain.}
{"logTime": "1211/112050", "correlationVector":"1jjX4IQJRQ+ll6PuKpcdyO","action":"Initial GetUpdates", "result":"", "context":Reason: RECONFIGURATION. cV=1jjX4IQJRQ+ll6PuKpcdyO}
{"logTime": "1211/112051", "correlationVector":"1jjX4IQJRQ+ll6PuKpcdyO.1","action":"SyncServerConnectionManagerRequest", "result":"SYNC_SERVER_OK", "context":{"environment":"Prod_JapanEast_000f", "migrationStage":"NotStarted", "server":"GENERAL11000011"}}
{"logTime": "1211/112051", "correlationVector":"1jjX4IQJRQ+ll6PuKpcdyO.2","action":"GetUpdates", "result":"DeleteReceived", "context":{"id":"d16e4603-f779-479b-a183-dec3dc27d471", "isDeleted:":"true", "version":"1702280070818"}}
{"logTime": "1211/112051", "correlationVector":"1jjX4IQJRQ+ll6PuKpcdyO.3","action":"GetUpdates", "result":"DeleteReceived", "context":{"id":"d2b271f3-6241-4e0d-9806-acdde7da5ce7", "isDeleted:":"true", "version":"1702280070819"}}
{"logTime": "1211/112051", "correlationVector":"1jjX4IQJRQ+ll6PuKpcdyO.4","action":"GetUpdates", "result":"DeleteReceived", "context":{"id":"fe09c693-d258-444c-b7db-f4bb872a9a8e", "isDeleted:":"true", "version":"1702280070820"}}
{"logTime": "1211/112051", "correlationVector":"1jjX4IQJRQ+ll6PuKpcdyO.5","action":"GetUpdates", "result":"DeleteReceived", "context":{"id":"63a71efa-fd8f-4ded-b408-093039495852", "isDeleted:":"true", "version":"1702280071557"}}
{"logTime": "1211/112051", "correlationVector":"1jjX4IQJRQ+ll6PuKpcdyO.6","action":"GetUpdates", "result":"DeleteReceived", "context":{"id":"bc376e4e-ef51-419d-8109-f6f9d60ecbbd", "isDeleted:":"true", "version":"1702280071559"}}
{"logTime": "1211/112051", "correlationVector":"1jjX4IQJRQ+ll6PuKpcdyO.7","action":"GetUpdates", "result":"DeleteReceived", "context":{"id":"73d6fff0-5867-4199-95f3-57d0ef25186c", "isDeleted:":"true", "version":"1702280071560"}}
{"logTime": "1211/112051", "correlationVector":"1jjX4IQJRQ+ll6PuKpcdyO.8","action":"GetUpdates", "result":"DeleteReceived", "context":{"id":"f6a53153-e9d8-474d-9c4c-f3136f427170", "isDeleted:":"true", "version":"1702280071562"}}
{"logTime": "1211/112051", "correlationVector":"1jjX4IQJRQ+ll6PuKpcdyO.9","action":"GetUpdates", "result":"DeleteReceived", "context":{"id":"55776057-275e-4a8e-9eaf-63047721e9d8", "isDeleted:":"true", "version":"1702280071563"}}
{"logTime": "1211/112051", "correlationVector":"1jjX4IQJRQ+ll6PuKpcdyO.10","action":"GetUpdates", "result":"DeleteReceived", "context":{"id":"b5fa09b0-9fde-4988-b14a-0649fa400101", "isDeleted:":"true", "version":"1702280071564"}}
{"logTime": "1211/112051", "correlationVector":"1jjX4IQJRQ+ll6PuKpcdyO.11","action":"GetUpdates", "result":"DeleteReceived", "context":{"id":"1cf923d7-9d5b-4960-b19d-ae9d99f42a4a", "isDeleted:":"true", "version":"1702280071565"}}
{"logTime": "1211/112051", "correlationVector":"1jjX4IQJRQ+ll6PuKpcdyO.12","action":"GetUpdates", "result":"DeleteReceived", "context":{"id":"0b2f9461-c2ac-48ca-8d25-508adab87cde", "isDeleted:":"true", "version":"1702280071566"}}
{"logTime": "1211/112051", "correlationVector":"1jjX4IQJRQ+ll6PuKpcdyO.13","action":"GetUpdates", "result":"DeleteReceived", "context":{"id":"8829e373-5a22-4d98-8187-9e5b65a66e19", "isDeleted:":"true", "version":"1702280071567"}}
{"logTime": "1211/112051", "correlationVector":"1jjX4IQJRQ+ll6PuKpcdyO.14","action":"GetUpdates", "result":"DeleteReceived", "context":{"id":"f8a3b673-3f63-4d6a-ba05-8300f9847ae6", "isDeleted:":"true", "version":"1702280071568"}}
{"logTime": "1211/112051", "correlationVector":"1jjX4IQJRQ+ll6PuKpcdyO.15","action":"GetUpdates", "result":"DeleteReceived", "context":{"id":"24fdd80a-1555-415b-bbe9-c68923c120f3", "isDeleted:":"true", "version":"1702280071569"}}
{"logTime": "1211/112051", "correlationVector":"1jjX4IQJRQ+ll6PuKpcdyO.16","action":"GetUpdates", "result":"DeleteReceived", "context":{"id":"482edf22-c66b-455a-9337-c9b5889ba7e8", "isDeleted:":"true", "version":"1702280071570"}}
{"logTime": "1211/112051", "correlationVector":"1jjX4IQJRQ+ll6PuKpcdyO.17","action":"GetUpdates", "result":"DeleteReceived", "context":{"id":"5728dcfc-11cf-44e9-adab-65534a33ecf8", "isDeleted:":"true", "version":"1702280071571"}}
{"logTime": "1211/112051", "correlationVector":"1jjX4IQJRQ+ll6PuKpcdyO.18","action":"GetUpdates", "result":"DeleteReceived", "context":{"id":"164d5797-4373-4026-9bfa-1d8d59b5edb9", "isDeleted:":"true", "version":"1702280071572"}}
{"logTime": "1211/112051", "correlationVector":"1jjX4IQJRQ+ll6PuKpcdyO.19","action":"GetUpdates", "result":"DeleteReceived", "context":{"id":"34e5a967-244f-4105-81b6-c862e2165cd0", "isDeleted:":"true", "version":"1702280071573"}}
{"logTime": "1211/112051", "correlationVector":"1jjX4IQJRQ+ll6PuKpcdyO.20","action":"GetUpdates", "result":"DeleteReceived", "context":{"id":"45e3101d-fd55-44ef-a336-e1b4cb0a1cba", "isDeleted:":"true", "version":"1702280071575"}}
{"logTime": "1211/112051", "correlationVector":"1jjX4IQJRQ+ll6PuKpcdyO.21","action":"GetUpdates", "result":"DeleteReceived", "context":{"id":"ec1f8676-4bfd-4182-874e-16c0584ad940", "isDeleted:":"true", "version":"1702280071576"}}
{"logTime": "1211/112051", "correlationVector":"1jjX4IQJRQ+ll6PuKpcdyO.22","action":"GetUpdates", "result":"DeleteReceived", "context":{"id":"b22d5c0e-7881-4eee-9fa7-6c9430517454", "isDeleted:":"true", "version":"1702280072311"}}
{"logTime": "1211/112051", "correlationVector":"1jjX4IQJRQ+ll6PuKpcdyO.23","action":"GetUpdates Response", "result":"SYNCER_OK", "context":Received 87 update(s). cV=1jjX4IQJRQ+ll6PuKpcdyO.0;server=GENERAL11000011;cloudType=Consumer;environment=Prod_JapanEast_000f;migrationStage=NotStarted}
{"logTime": "1211/112051", "correlationVector":"hpZXRD5KFJBSAVwm2hES4U","action":"Normal GetUpdate request", "result":"", "context":cV=hpZXRD5KFJBSAVwm2hES4U
Nudged types: Bookmarks, Preferences, Passwords, Typed URLs, Sessions, Device Info
Refresh requested types: Bookmarks, Preferences, Passwords, Autofill Profiles, Autofill, Autofill Custom Data, Typed URLs, Extensions, Sessions, Extension settings, History Delete Directives, Device Info, User Consents, Send Tab To Self, Web Apps, Collection, Edge E Drop, Edge Hub App Usage, Edge Wallet, Encryption Keys}
{"logTime": "1211/112051", "correlationVector":"hpZXRD5KFJBSAVwm2hES4U.1","action":"SyncServerConnectionManagerRequest", "result":"SYNC_SERVER_OK", "context":{"environment":"Prod_JapanEast_000f", "migrationStage":"NotStarted", "server":"general1100000Q"}}
{"logTime": "1211/112051", "correlationVector":"hpZXRD5KFJBSAVwm2hES4U.2","action":"GetUpdates Response", "result":"SYNCER_OK", "context":Received 0 update(s). cV=hpZXRD5KFJBSAVwm2hES4U.0;server=general1100000Q;cloudType=Consumer;environment=Prod_JapanEast_000f;migrationStage=NotStarted}
{"logTime": "1211/112051", "correlationVector":"rRTmLSqJgLy3OkqqOIbG4+","action":"Commit Request", "result":"", "context":Item count: 20
Contributing types: Passwords}
{"logTime": "1211/112052", "correlationVector":"rRTmLSqJgLy3OkqqOIbG4+.1","action":"SyncServerConnectionManagerRequest", "result":"SYNC_SERVER_OK", "context":{"environment":"Prod_JapanEast_000f", "migrationStage":"NotStarted", "server":"GENERAL1100000G"}}
{"logTime": "1211/112052", "correlationVector":"rRTmLSqJgLy3OkqqOIbG4+.2","action":"Commit Response", "result":"SYNCER_OK", "context":Result: SYNCER_OK. cV=rRTmLSqJgLy3OkqqOIbG4+.0;server=GENERAL1100000G;cloudType=Consumer;environment=Prod_JapanEast_000f;migrationStage=NotStarted}
{"logTime": "1211/112052", "correlationVector":"0hdoQHLO/BcDDcFhn02EHK","action":"Commit Request", "result":"", "context":Item count: 20
Contributing types: Passwords}
{"logTime": "1211/112053", "correlationVector":"0hdoQHLO/BcDDcFhn02EHK.1","action":"SyncServerConnectionManagerRequest", "result":"SYNC_SERVER_OK", "context":{"environment":"Prod_JapanEast_000f", "migrationStage":"NotStarted", "server":"GENERAL1100000V"}}
{"logTime": "1211/112053", "correlationVector":"0hdoQHLO/BcDDcFhn02EHK.2","action":"Commit Response", "result":"SYNCER_OK", "context":Result: SYNCER_OK. cV=0hdoQHLO/BcDDcFhn02EHK.0;server=GENERAL1100000V;cloudType=Consumer;environment=Prod_JapanEast_000f;migrationStage=NotStarted}
{"logTime": "1211/112053", "correlationVector":"nIMGbwYxNvNQpKgFyouXrc","action":"Commit Request", "result":"", "context":Item count: 20
Contributing types: Passwords}
{"logTime": "1211/112055", "correlationVector":"nIMGbwYxNvNQpKgFyouXrc.1","action":"SyncServerConnectionManagerRequest", "result":"SYNC_SERVER_OK", "context":{"environment":"Prod_JapanEast_000f", "migrationStage":"NotStarted", "server":"GENERAL1100001H"}}
{"logTime": "1211/112055", "correlationVector":"nIMGbwYxNvNQpKgFyouXrc.2","action":"Commit Response", "result":"SYNCER_OK", "context":Result: SYNCER_OK. cV=nIMGbwYxNvNQpKgFyouXrc.0;server=GENERAL1100001H;cloudType=Consumer;environment=Prod_JapanEast_000f;migrationStage=NotStarted}
{"logTime": "1211/112055", "correlationVector":"n+nBfQGb7CSEMsQ1NPsd4N","action":"Commit Request", "result":"", "context":Item count: 20
Contributing types: Passwords}
{"logTime": "1211/112056", "correlationVector":"n+nBfQGb7CSEMsQ1NPsd4N.1","action":"SyncServerConnectionManagerRequest", "result":"SYNC_SERVER_OK", "context":{"environment":"Prod_JapanEast_000f", "migrationStage":"NotStarted", "server":"general1100001P"}}
{"logTime": "1211/112056", "correlationVector":"n+nBfQGb7CSEMsQ1NPsd4N.2","action":"Commit Response", "result":"SYNCER_OK", "context":Result: SYNCER_OK. cV=n+nBfQGb7CSEMsQ1NPsd4N.0;server=general1100001P;cloudType=Consumer;environment=Prod_JapanEast_000f;migrationStage=NotStarted}
{"logTime": "1211/112056", "correlationVector":"SxOziH1HkZvy/Jnqzo9/tS","action":"Commit Request", "result":"", "context":Item count: 17
Contributing types: Passwords, Device Info}
{"logTime": "1211/112057", "correlationVector":"SxOziH1HkZvy/Jnqzo9/tS.1","action":"SyncServerConnectionManagerRequest", "result":"SYNC_SERVER_OK", "context":{"environment":"Prod_JapanEast_000f", "migrationStage":"NotStarted", "server":"GENERAL1100000V"}}
{"logTime": "1211/112057", "correlationVector":"SxOziH1HkZvy/Jnqzo9/tS.2","action":"Commit Response", "result":"SYNCER_OK", "context":Result: SYNCER_OK. cV=SxOziH1HkZvy/Jnqzo9/tS.0;server=GENERAL1100000V;cloudType=Consumer;environment=Prod_JapanEast_000f;migrationStage=NotStarted}
{"logTime": "1211/112057", "correlationVector":"Zy7G5s9l5HbjlIv21zKvCO","action":"Commit Request", "result":"", "context":Item count: 20
Contributing types: Bookmarks, Preferences}
{"logTime": "1211/112058", "correlationVector":"Zy7G5s9l5HbjlIv21zKvCO.1","action":"SyncServerConnectionManagerRequest", "result":"SYNC_SERVER_OK", "context":{"environment":"Prod_JapanEast_000f", "migrationStage":"NotStarted", "server":"GENERAL11000000"}}
{"logTime": "1211/112058", "correlationVector":"Zy7G5s9l5HbjlIv21zKvCO.2","action":"Commit Response", "result":"SYNCER_OK", "context":Result: SYNCER_OK. cV=Zy7G5s9l5HbjlIv21zKvCO.0;server=GENERAL11000000;cloudType=Consumer;environment=Prod_JapanEast_000f;migrationStage=NotStarted}
{"logTime": "1211/112058", "correlationVector":"jM7mzNd+NGyCEinaXXq1N4","action":"Commit Request", "result":"", "context":Item count: 20
Contributing types: Preferences, Typed URLs}
{"logTime": "1211/112059", "correlationVector":"jM7mzNd+NGyCEinaXXq1N4.1","action":"SyncServerConnectionManagerRequest", "result":"SYNC_SERVER_OK", "context":{"environment":"Prod_JapanEast_000f", "migrationStage":"NotStarted", "server":"GENERAL1100001G"}}
{"logTime": "1211/112059", "correlationVector":"jM7mzNd+NGyCEinaXXq1N4.2","action":"Commit Response", "result":"SYNCER_OK", "context":Result: SYNCER_OK. cV=jM7mzNd+NGyCEinaXXq1N4.0;server=GENERAL1100001G;cloudType=Consumer;environment=Prod_JapanEast_000f;migrationStage=NotStarted}
{"logTime": "1211/112059", "correlationVector":"pnyjpmn2A0ScRHK5G55VL0","action":"Commit Request", "result":"", "context":Item count: 7
Contributing types: Typed URLs, Sessions, Extension settings}
{"logTime": "1211/112100", "correlationVector":"pnyjpmn2A0ScRHK5G55VL0.1","action":"SyncServerConnectionManagerRequest", "result":"SYNC_SERVER_OK", "context":{"environment":"Prod_JapanEast_000f", "migrationStage":"NotStarted", "server":"GENERAL0100000E"}}
{"logTime": "1211/112100", "correlationVector":"pnyjpmn2A0ScRHK5G55VL0.2","action":"Commit Response", "result":"SYNCER_OK", "context":Result: SYNCER_OK. cV=pnyjpmn2A0ScRHK5G55VL0.0;server=GENERAL0100000E;cloudType=Consumer;environment=Prod_JapanEast_000f;migrationStage=NotStarted}
{"logTime": "1211/112141", "correlationVector":"SDDif5Mj5pZStzjYYq1IF+","action":"Commit Request", "result":"", "context":Item count: 1
Contributing types: Sessions}
{"logTime": "1211/112141", "correlationVector":"SDDif5Mj5pZStzjYYq1IF+.1","action":"SyncServerConnectionManagerRequest", "result":"SYNC_SERVER_OK", "context":{"environment":"Prod_JapanEast_000f", "migrationStage":"NotStarted", "server":"general1100000F"}}
{"logTime": "1211/112141", "correlationVector":"SDDif5Mj5pZStzjYYq1IF+.2","action":"Commit Response", "result":"SYNCER_OK", "context":Result: SYNCER_OK. cV=SDDif5Mj5pZStzjYYq1IF+.0;server=general1100000F;cloudType=Consumer;environment=Prod_JapanEast_000f;migrationStage=NotStarted}
{"logTime": "1211/112201", "correlationVector":"MEgqMe2m94OdXHzgkJLInG","action":"Normal GetUpdate request", "result":"", "context":cV=MEgqMe2m94OdXHzgkJLInG
Notified types: Preferences}
{"logTime": "1211/112201", "correlationVector":"MEgqMe2m94OdXHzgkJLInG.1","action":"SyncServerConnectionManagerRequest", "result":"SYNC_SERVER_OK", "context":{"environment":"Prod_JapanEast_000f", "migrationStage":"NotStarted", "server":"general1100000F"}}
{"logTime": "1211/112201", "correlationVector":"MEgqMe2m94OdXHzgkJLInG.2","action":"GetUpdates Response", "result":"SYNCER_OK", "context":Received 147 update(s). cV=MEgqMe2m94OdXHzgkJLInG.0;server=general1100000F;cloudType=Consumer;environment=Prod_JapanEast_000f;migrationStage=NotStarted}
{"logTime": "1211/112352", "correlationVector":"8us5qkcQFNn3DEOTmvD8gK","action":"Commit Request", "result":"", "context":Item count: 2
Contributing types: Sessions}
{"logTime": "1211/112352", "correlationVector":"8us5qkcQFNn3DEOTmvD8gK.1","action":"SyncServerConnectionManagerRequest", "result":"SYNC_SERVER_OK", "context":{"environment":"Prod_JapanEast_000f", "migrationStage":"NotStarted", "server":"GENERAL1100000A"}}
{"logTime": "1211/112352", "correlationVector":"8us5qkcQFNn3DEOTmvD8gK.2","action":"Commit Response", "result":"SYNCER_OK", "context":Result: SYNCER_OK. cV=8us5qkcQFNn3DEOTmvD8gK.0;server=GENERAL1100000A;cloudType=Consumer;environment=Prod_JapanEast_000f;migrationStage=NotStarted}
{"logTime": "1211/112508", "correlationVector":"UzA6akT1xc61M9yneO4a4v","action":"Normal GetUpdate request", "result":"", "context":cV=UzA6akT1xc61M9yneO4a4v
Refresh requested types: Bookmarks, Preferences, Passwords, Autofill Profiles, Autofill, Autofill Custom Data, Typed URLs, Extensions, Sessions, Extension settings, History Delete Directives, Device Info, User Consents, Send Tab To Self, Web Apps, Collection, Edge E Drop, Edge Hub App Usage, Edge Wallet, Encryption Keys}
{"logTime": "1211/112530", "correlationVector":"UzA6akT1xc61M9yneO4a4v.1","action":"SyncServerConnectionManagerRequest", "result":"SYNC_SERVER_OK", "context":{"environment":"Prod_JapanEast_000f", "migrationStage":"NotStarted", "server":"GENERAL1100001L"}}
{"logTime": "1211/112530", "correlationVector":"UzA6akT1xc61M9yneO4a4v.2","action":"GetUpdates Response", "result":"SYNCER_OK", "context":Received 6 update(s). cV=UzA6akT1xc61M9yneO4a4v.0;server=GENERAL1100001L;cloudType=Consumer;environment=Prod_JapanEast_000f;migrationStage=NotStarted}
{"logTime": "1211/112530", "correlationVector":"zEH+3ZhJFGMvTJX8BZ7w5H","action":"Commit Request", "result":"", "context":Item count: 1
Contributing types: Preferences}
{"logTime": "1211/112530", "correlationVector":"zEH+3ZhJFGMvTJX8BZ7w5H.1","action":"SyncServerConnectionManagerRequest", "result":"SYNC_SERVER_OK", "context":{"environment":"Prod_JapanEast_000f", "migrationStage":"NotStarted", "server":"general1100001J"}}
{"logTime": "1211/112530", "correlationVector":"zEH+3ZhJFGMvTJX8BZ7w5H.2","action":"Commit Response", "result":"SYNCER_OK", "context":Result: SYNCER_OK. cV=zEH+3ZhJFGMvTJX8BZ7w5H.0;server=general1100001J;cloudType=Consumer;environment=Prod_JapanEast_000f;migrationStage=NotStarted}
